CRITICAL - 2026-03-06 01:15:48 --> CodeIgniter\Database\Exceptions\DatabaseException: Updates are not allowed unless they contain a "where" or "like" clause.
[Method: POST, Route: admin/reset-numbers]
in SYSTEMPATH\Model.php on line 456.
 1 SYSTEMPATH\BaseModel.php(1025): CodeIgniter\Model->doUpdate(null, [...])
 2 SYSTEMPATH\Model.php(860): CodeIgniter\BaseModel->update(null, [...])
 3 APPPATH\Controllers\Admin.php(153): CodeIgniter\Model->update()
 4 SYSTEMPATH\CodeIgniter.php(933): App\Controllers\Admin->resetNumbers()
 5 SYSTEMPATH\CodeIgniter.php(507): CodeIgniter\CodeIgniter->runController(Object(App\Controllers\Admin))
 6 SYSTEMPATH\CodeIgniter.php(354): CodeIgniter\CodeIgniter->handleRequest(null, Object(Config\Cache), false)
 7 SYSTEMPATH\Boot.php(363): CodeIgniter\CodeIgniter->run()
 8 SYSTEMPATH\Boot.php(68): CodeIgniter\Boot::runCodeIgniter(Object(CodeIgniter\CodeIgniter))
 9 FCPATH\index.php(59): CodeIgniter\Boot::bootWeb(Object(Config\Paths))
CRITICAL - 2026-03-06 01:15:52 --> CodeIgniter\Database\Exceptions\DatabaseException: Updates are not allowed unless they contain a "where" or "like" clause.
[Method: POST, Route: admin/reset-windows]
in SYSTEMPATH\Model.php on line 456.
 1 SYSTEMPATH\BaseModel.php(1025): CodeIgniter\Model->doUpdate(null, [...])
 2 SYSTEMPATH\Model.php(860): CodeIgniter\BaseModel->update(null, [...])
 3 APPPATH\Controllers\Admin.php(138): CodeIgniter\Model->update()
 4 SYSTEMPATH\CodeIgniter.php(933): App\Controllers\Admin->resetWindows()
 5 SYSTEMPATH\CodeIgniter.php(507): CodeIgniter\CodeIgniter->runController(Object(App\Controllers\Admin))
 6 SYSTEMPATH\CodeIgniter.php(354): CodeIgniter\CodeIgniter->handleRequest(null, Object(Config\Cache), false)
 7 SYSTEMPATH\Boot.php(363): CodeIgniter\CodeIgniter->run()
 8 SYSTEMPATH\Boot.php(68): CodeIgniter\Boot::runCodeIgniter(Object(CodeIgniter\CodeIgniter))
 9 FCPATH\index.php(59): CodeIgniter\Boot::bootWeb(Object(Config\Paths))
CRITICAL - 2026-03-06 01:16:00 --> CodeIgniter\Database\Exceptions\DatabaseException: Updates are not allowed unless they contain a "where" or "like" clause.
[Method: POST, Route: admin/reset-windows]
in SYSTEMPATH\Model.php on line 456.
 1 SYSTEMPATH\BaseModel.php(1025): CodeIgniter\Model->doUpdate(null, [...])
 2 SYSTEMPATH\Model.php(860): CodeIgniter\BaseModel->update(null, [...])
 3 APPPATH\Controllers\Admin.php(138): CodeIgniter\Model->update()
 4 SYSTEMPATH\CodeIgniter.php(933): App\Controllers\Admin->resetWindows()
 5 SYSTEMPATH\CodeIgniter.php(507): CodeIgniter\CodeIgniter->runController(Object(App\Controllers\Admin))
 6 SYSTEMPATH\CodeIgniter.php(354): CodeIgniter\CodeIgniter->handleRequest(null, Object(Config\Cache), false)
 7 SYSTEMPATH\Boot.php(363): CodeIgniter\CodeIgniter->run()
 8 SYSTEMPATH\Boot.php(68): CodeIgniter\Boot::runCodeIgniter(Object(CodeIgniter\CodeIgniter))
 9 FCPATH\index.php(59): CodeIgniter\Boot::bootWeb(Object(Config\Paths))
