CRITICAL - 2026-03-23 01:18:32 --> CodeIgniter\Database\Exceptions\DataException: There is no data to update.
[Method: POST, Route: window/callNext/2]
in SYSTEMPATH\BaseModel.php on line 1823.
 1 SYSTEMPATH\BaseModel.php(1823): CodeIgniter\Database\Exceptions\DataException::forEmptyDataset('update')
 2 SYSTEMPATH\BaseModel.php(994): CodeIgniter\BaseModel->transformDataToArray(null, 'update')
 3 SYSTEMPATH\Model.php(860): CodeIgniter\BaseModel->update([...], null)
 4 APPPATH\Models\CustomerRecordsModel.php(151): CodeIgniter\Model->update([...])
 5 APPPATH\Controllers\Window.php(87): App\Models\CustomerRecordsModel->updateCustomerStatusByTicketNumber('BIRTH-OUT-OF-TOWN-01', 'completed', '2026-03-23 01:18:32')
 6 SYSTEMPATH\CodeIgniter.php(933): App\Controllers\Window->callNext('2')
 7 SYSTEMPATH\CodeIgniter.php(507): CodeIgniter\CodeIgniter->runController(Object(App\Controllers\Window))
 8 SYSTEMPATH\CodeIgniter.php(354): CodeIgniter\CodeIgniter->handleRequest(null, Object(Config\Cache), false)
 9 SYSTEMPATH\Boot.php(363): CodeIgniter\CodeIgniter->run()
10 SYSTEMPATH\Boot.php(68): CodeIgniter\Boot::runCodeIgniter(Object(CodeIgniter\CodeIgniter))
11 FCPATH\index.php(59): CodeIgniter\Boot::bootWeb(Object(Config\Paths))
CRITICAL - 2026-03-23 01:18:43 --> CodeIgniter\Database\Exceptions\DataException: There is no data to update.
[Method: POST, Route: window/callNext/2]
in SYSTEMPATH\BaseModel.php on line 1823.
 1 SYSTEMPATH\BaseModel.php(1823): CodeIgniter\Database\Exceptions\DataException::forEmptyDataset('update')
 2 SYSTEMPATH\BaseModel.php(994): CodeIgniter\BaseModel->transformDataToArray(null, 'update')
 3 SYSTEMPATH\Model.php(860): CodeIgniter\BaseModel->update([...], null)
 4 APPPATH\Models\CustomerRecordsModel.php(117): CodeIgniter\Model->update([...])
 5 APPPATH\Controllers\Window.php(113): App\Models\CustomerRecordsModel->updateCustomerStatus('BIRTH-DELAYED-020', 'serving', '2026-03-23 01:18:43')
 6 SYSTEMPATH\CodeIgniter.php(933): App\Controllers\Window->callNext('2')
 7 SYSTEMPATH\CodeIgniter.php(507): CodeIgniter\CodeIgniter->runController(Object(App\Controllers\Window))
 8 SYSTEMPATH\CodeIgniter.php(354): CodeIgniter\CodeIgniter->handleRequest(null, Object(Config\Cache), false)
 9 SYSTEMPATH\Boot.php(363): CodeIgniter\CodeIgniter->run()
10 SYSTEMPATH\Boot.php(68): CodeIgniter\Boot::runCodeIgniter(Object(CodeIgniter\CodeIgniter))
11 FCPATH\index.php(59): CodeIgniter\Boot::bootWeb(Object(Config\Paths))
CRITICAL - 2026-03-23 01:19:03 --> CodeIgniter\Database\Exceptions\DataException: There is no data to update.
[Method: POST, Route: window/callNext/1]
in SYSTEMPATH\BaseModel.php on line 1823.
 1 SYSTEMPATH\BaseModel.php(1823): CodeIgniter\Database\Exceptions\DataException::forEmptyDataset('update')
 2 SYSTEMPATH\BaseModel.php(994): CodeIgniter\BaseModel->transformDataToArray(null, 'update')
 3 SYSTEMPATH\Model.php(860): CodeIgniter\BaseModel->update([...], null)
 4 APPPATH\Models\CustomerRecordsModel.php(151): CodeIgniter\Model->update([...])
 5 APPPATH\Controllers\Window.php(87): App\Models\CustomerRecordsModel->updateCustomerStatusByTicketNumber('BREQS-012', 'completed', '2026-03-23 01:19:03')
 6 SYSTEMPATH\CodeIgniter.php(933): App\Controllers\Window->callNext('1')
 7 SYSTEMPATH\CodeIgniter.php(507): CodeIgniter\CodeIgniter->runController(Object(App\Controllers\Window))
 8 SYSTEMPATH\CodeIgniter.php(354): CodeIgniter\CodeIgniter->handleRequest(null, Object(Config\Cache), false)
 9 SYSTEMPATH\Boot.php(363): CodeIgniter\CodeIgniter->run()
10 SYSTEMPATH\Boot.php(68): CodeIgniter\Boot::runCodeIgniter(Object(CodeIgniter\CodeIgniter))
11 FCPATH\index.php(59): CodeIgniter\Boot::bootWeb(Object(Config\Paths))
CRITICAL - 2026-03-23 01:28:11 --> ErrorException: Undefined array key "transaction_number"
[Method: POST, Route: window/callNext/1]
in APPPATH\Controllers\Window.php on line 114.
 1 APPPATH\Controllers\Window.php(114): CodeIgniter\Debug\Exceptions->errorHandler(2, 'Undefined array key "transaction_number"', 'C:\\xampp\\htdocs\\queueing\\app\\Controllers\\Window.php', 114)
 2 SYSTEMPATH\CodeIgniter.php(933): App\Controllers\Window->callNext('1')
 3 SYSTEMPATH\CodeIgniter.php(507): CodeIgniter\CodeIgniter->runController(Object(App\Controllers\Window))
 4 SYSTEMPATH\CodeIgniter.php(354): CodeIgniter\CodeIgniter->handleRequest(null, Object(Config\Cache), false)
 5 SYSTEMPATH\Boot.php(363): CodeIgniter\CodeIgniter->run()
 6 SYSTEMPATH\Boot.php(68): CodeIgniter\Boot::runCodeIgniter(Object(CodeIgniter\CodeIgniter))
 7 FCPATH\index.php(59): CodeIgniter\Boot::bootWeb(Object(Config\Paths))
CRITICAL - 2026-03-23 01:31:23 --> CodeIgniter\Database\Exceptions\DataException: There is no data to update.
[Method: POST, Route: window/callNext/2]
in SYSTEMPATH\BaseModel.php on line 1823.
 1 SYSTEMPATH\BaseModel.php(1823): CodeIgniter\Database\Exceptions\DataException::forEmptyDataset('update')
 2 SYSTEMPATH\BaseModel.php(994): CodeIgniter\BaseModel->transformDataToArray(null, 'update')
 3 SYSTEMPATH\Model.php(860): CodeIgniter\BaseModel->update([...], null)
 4 APPPATH\Models\CustomerRecordsModel.php(151): CodeIgniter\Model->update([...])
 5 APPPATH\Controllers\Window.php(87): App\Models\CustomerRecordsModel->updateCustomerStatusByTicketNumber('BIRTH-DELAYED-021', 'completed', '2026-03-23 01:31:23')
 6 SYSTEMPATH\CodeIgniter.php(933): App\Controllers\Window->callNext('2')
 7 SYSTEMPATH\CodeIgniter.php(507): CodeIgniter\CodeIgniter->runController(Object(App\Controllers\Window))
 8 SYSTEMPATH\CodeIgniter.php(354): CodeIgniter\CodeIgniter->handleRequest(null, Object(Config\Cache), false)
 9 SYSTEMPATH\Boot.php(363): CodeIgniter\CodeIgniter->run()
10 SYSTEMPATH\Boot.php(68): CodeIgniter\Boot::runCodeIgniter(Object(CodeIgniter\CodeIgniter))
11 FCPATH\index.php(59): CodeIgniter\Boot::bootWeb(Object(Config\Paths))
CRITICAL - 2026-03-23 01:31:41 --> ErrorException: Undefined array key "customer_name"
[Method: POST, Route: window/callNext/2]
in APPPATH\Controllers\Window.php on line 118.
 1 APPPATH\Controllers\Window.php(118): CodeIgniter\Debug\Exceptions->errorHandler(2, 'Undefined array key "customer_name"', 'C:\\xampp\\htdocs\\queueing\\app\\Controllers\\Window.php', 118)
 2 SYSTEMPATH\CodeIgniter.php(933): App\Controllers\Window->callNext('2')
 3 SYSTEMPATH\CodeIgniter.php(507): CodeIgniter\CodeIgniter->runController(Object(App\Controllers\Window))
 4 SYSTEMPATH\CodeIgniter.php(354): CodeIgniter\CodeIgniter->handleRequest(null, Object(Config\Cache), false)
 5 SYSTEMPATH\Boot.php(363): CodeIgniter\CodeIgniter->run()
 6 SYSTEMPATH\Boot.php(68): CodeIgniter\Boot::runCodeIgniter(Object(CodeIgniter\CodeIgniter))
 7 FCPATH\index.php(59): CodeIgniter\Boot::bootWeb(Object(Config\Paths))
CRITICAL - 2026-03-23 01:33:44 --> CodeIgniter\Database\Exceptions\DataException: There is no data to update.
[Method: POST, Route: window/callNext/2]
in SYSTEMPATH\BaseModel.php on line 1823.
 1 SYSTEMPATH\BaseModel.php(1823): CodeIgniter\Database\Exceptions\DataException::forEmptyDataset('update')
 2 SYSTEMPATH\BaseModel.php(994): CodeIgniter\BaseModel->transformDataToArray(null, 'update')
 3 SYSTEMPATH\Model.php(860): CodeIgniter\BaseModel->update([...], null)
 4 APPPATH\Models\CustomerRecordsModel.php(151): CodeIgniter\Model->update([...])
 5 APPPATH\Controllers\Window.php(87): App\Models\CustomerRecordsModel->updateCustomerStatusByTicketNumber('BIRTH-REGULAR-022', 'completed', '2026-03-23 01:33:44')
 6 SYSTEMPATH\CodeIgniter.php(933): App\Controllers\Window->callNext('2')
 7 SYSTEMPATH\CodeIgniter.php(507): CodeIgniter\CodeIgniter->runController(Object(App\Controllers\Window))
 8 SYSTEMPATH\CodeIgniter.php(354): CodeIgniter\CodeIgniter->handleRequest(null, Object(Config\Cache), false)
 9 SYSTEMPATH\Boot.php(363): CodeIgniter\CodeIgniter->run()
10 SYSTEMPATH\Boot.php(68): CodeIgniter\Boot::runCodeIgniter(Object(CodeIgniter\CodeIgniter))
11 FCPATH\index.php(59): CodeIgniter\Boot::bootWeb(Object(Config\Paths))
CRITICAL - 2026-03-23 01:37:16 --> CodeIgniter\Database\Exceptions\DataException: There is no data to update.
[Method: POST, Route: window/callNext/2]
in SYSTEMPATH\BaseModel.php on line 1823.
 1 SYSTEMPATH\BaseModel.php(1823): CodeIgniter\Database\Exceptions\DataException::forEmptyDataset('update')
 2 SYSTEMPATH\BaseModel.php(994): CodeIgniter\BaseModel->transformDataToArray(null, 'update')
 3 SYSTEMPATH\Model.php(860): CodeIgniter\BaseModel->update([...], null)
 4 APPPATH\Models\CustomerRecordsModel.php(117): CodeIgniter\Model->update([...])
 5 APPPATH\Controllers\Window.php(128): App\Models\CustomerRecordsModel->updateCustomerStatus('TRX-20260323-BIRTH-DELAYED-023', 'serving', '2026-03-23 01:37:16')
 6 SYSTEMPATH\CodeIgniter.php(933): App\Controllers\Window->callNext('2')
 7 SYSTEMPATH\CodeIgniter.php(507): CodeIgniter\CodeIgniter->runController(Object(App\Controllers\Window))
 8 SYSTEMPATH\CodeIgniter.php(354): CodeIgniter\CodeIgniter->handleRequest(null, Object(Config\Cache), false)
 9 SYSTEMPATH\Boot.php(363): CodeIgniter\CodeIgniter->run()
10 SYSTEMPATH\Boot.php(68): CodeIgniter\Boot::runCodeIgniter(Object(CodeIgniter\CodeIgniter))
11 FCPATH\index.php(59): CodeIgniter\Boot::bootWeb(Object(Config\Paths))
CRITICAL - 2026-03-23 01:43:22 --> CodeIgniter\Database\Exceptions\DataException: There is no data to update.
[Method: POST, Route: window/callNext/2]
in SYSTEMPATH\BaseModel.php on line 1823.
 1 SYSTEMPATH\BaseModel.php(1823): CodeIgniter\Database\Exceptions\DataException::forEmptyDataset('update')
 2 SYSTEMPATH\BaseModel.php(994): CodeIgniter\BaseModel->transformDataToArray(null, 'update')
 3 SYSTEMPATH\Model.php(860): CodeIgniter\BaseModel->update([...], null)
 4 APPPATH\Models\CustomerRecordsModel.php(151): CodeIgniter\Model->update([...])
 5 APPPATH\Controllers\Window.php(87): App\Models\CustomerRecordsModel->updateCustomerStatusByTicketNumber('BIRTH-DELAYED-023', 'completed', '2026-03-23 01:43:22')
 6 SYSTEMPATH\CodeIgniter.php(933): App\Controllers\Window->callNext('2')
 7 SYSTEMPATH\CodeIgniter.php(507): CodeIgniter\CodeIgniter->runController(Object(App\Controllers\Window))
 8 SYSTEMPATH\CodeIgniter.php(354): CodeIgniter\CodeIgniter->handleRequest(null, Object(Config\Cache), false)
 9 SYSTEMPATH\Boot.php(363): CodeIgniter\CodeIgniter->run()
10 SYSTEMPATH\Boot.php(68): CodeIgniter\Boot::runCodeIgniter(Object(CodeIgniter\CodeIgniter))
11 FCPATH\index.php(59): CodeIgniter\Boot::bootWeb(Object(Config\Paths))
CRITICAL - 2026-03-23 01:43:28 --> CodeIgniter\Database\Exceptions\DataException: There is no data to update.
[Method: POST, Route: window/callNext/2]
in SYSTEMPATH\BaseModel.php on line 1823.
 1 SYSTEMPATH\BaseModel.php(1823): CodeIgniter\Database\Exceptions\DataException::forEmptyDataset('update')
 2 SYSTEMPATH\BaseModel.php(994): CodeIgniter\BaseModel->transformDataToArray(null, 'update')
 3 SYSTEMPATH\Model.php(860): CodeIgniter\BaseModel->update([...], null)
 4 APPPATH\Models\CustomerRecordsModel.php(117): CodeIgniter\Model->update([...])
 5 APPPATH\Controllers\Window.php(128): App\Models\CustomerRecordsModel->updateCustomerStatus('TRX-20260323-BIRTH-REGULAR-022', 'serving', '2026-03-23 01:43:28')
 6 SYSTEMPATH\CodeIgniter.php(933): App\Controllers\Window->callNext('2')
 7 SYSTEMPATH\CodeIgniter.php(507): CodeIgniter\CodeIgniter->runController(Object(App\Controllers\Window))
 8 SYSTEMPATH\CodeIgniter.php(354): CodeIgniter\CodeIgniter->handleRequest(null, Object(Config\Cache), false)
 9 SYSTEMPATH\Boot.php(363): CodeIgniter\CodeIgniter->run()
10 SYSTEMPATH\Boot.php(68): CodeIgniter\Boot::runCodeIgniter(Object(CodeIgniter\CodeIgniter))
11 FCPATH\index.php(59): CodeIgniter\Boot::bootWeb(Object(Config\Paths))
CRITICAL - 2026-03-23 01:51:09 --> CodeIgniter\Database\Exceptions\DataException: There is no data to update.
[Method: POST, Route: window/callNext/2]
in SYSTEMPATH\BaseModel.php on line 1823.
 1 SYSTEMPATH\BaseModel.php(1823): CodeIgniter\Database\Exceptions\DataException::forEmptyDataset('update')
 2 SYSTEMPATH\BaseModel.php(994): CodeIgniter\BaseModel->transformDataToArray(null, 'update')
 3 SYSTEMPATH\Model.php(860): CodeIgniter\BaseModel->update([...], null)
 4 APPPATH\Models\CustomerRecordsModel.php(151): CodeIgniter\Model->update([...])
 5 APPPATH\Controllers\Window.php(87): App\Models\CustomerRecordsModel->updateCustomerStatusByTicketNumber('BIRTH-OUTOFTOWN-001', 'completed', '2026-03-23 01:51:09')
 6 SYSTEMPATH\CodeIgniter.php(933): App\Controllers\Window->callNext('2')
 7 SYSTEMPATH\CodeIgniter.php(507): CodeIgniter\CodeIgniter->runController(Object(App\Controllers\Window))
 8 SYSTEMPATH\CodeIgniter.php(354): CodeIgniter\CodeIgniter->handleRequest(null, Object(Config\Cache), false)
 9 SYSTEMPATH\Boot.php(363): CodeIgniter\CodeIgniter->run()
10 SYSTEMPATH\Boot.php(68): CodeIgniter\Boot::runCodeIgniter(Object(CodeIgniter\CodeIgniter))
11 FCPATH\index.php(59): CodeIgniter\Boot::bootWeb(Object(Config\Paths))
CRITICAL - 2026-03-23 01:51:18 --> CodeIgniter\Database\Exceptions\DataException: There is no data to update.
[Method: POST, Route: window/callNext/2]
in SYSTEMPATH\BaseModel.php on line 1823.
 1 SYSTEMPATH\BaseModel.php(1823): CodeIgniter\Database\Exceptions\DataException::forEmptyDataset('update')
 2 SYSTEMPATH\BaseModel.php(994): CodeIgniter\BaseModel->transformDataToArray(null, 'update')
 3 SYSTEMPATH\Model.php(860): CodeIgniter\BaseModel->update([...], null)
 4 APPPATH\Models\CustomerRecordsModel.php(117): CodeIgniter\Model->update([...])
 5 APPPATH\Controllers\Window.php(128): App\Models\CustomerRecordsModel->updateCustomerStatus('TRX-20260323-BIRTH-OUTOFTOWN-002', 'serving', '2026-03-23 01:51:18')
 6 SYSTEMPATH\CodeIgniter.php(933): App\Controllers\Window->callNext('2')
 7 SYSTEMPATH\CodeIgniter.php(507): CodeIgniter\CodeIgniter->runController(Object(App\Controllers\Window))
 8 SYSTEMPATH\CodeIgniter.php(354): CodeIgniter\CodeIgniter->handleRequest(null, Object(Config\Cache), false)
 9 SYSTEMPATH\Boot.php(363): CodeIgniter\CodeIgniter->run()
10 SYSTEMPATH\Boot.php(68): CodeIgniter\Boot::runCodeIgniter(Object(CodeIgniter\CodeIgniter))
11 FCPATH\index.php(59): CodeIgniter\Boot::bootWeb(Object(Config\Paths))
CRITICAL - 2026-03-23 01:51:41 --> CodeIgniter\Database\Exceptions\DataException: There is no data to update.
[Method: POST, Route: window/callNext/2]
in SYSTEMPATH\BaseModel.php on line 1823.
 1 SYSTEMPATH\BaseModel.php(1823): CodeIgniter\Database\Exceptions\DataException::forEmptyDataset('update')
 2 SYSTEMPATH\BaseModel.php(994): CodeIgniter\BaseModel->transformDataToArray(null, 'update')
 3 SYSTEMPATH\Model.php(860): CodeIgniter\BaseModel->update([...], null)
 4 APPPATH\Models\CustomerRecordsModel.php(151): CodeIgniter\Model->update([...])
 5 APPPATH\Controllers\Window.php(87): App\Models\CustomerRecordsModel->updateCustomerStatusByTicketNumber('BIRTH-OUTOFTOWN-002', 'completed', '2026-03-23 01:51:41')
 6 SYSTEMPATH\CodeIgniter.php(933): App\Controllers\Window->callNext('2')
 7 SYSTEMPATH\CodeIgniter.php(507): CodeIgniter\CodeIgniter->runController(Object(App\Controllers\Window))
 8 SYSTEMPATH\CodeIgniter.php(354): CodeIgniter\CodeIgniter->handleRequest(null, Object(Config\Cache), false)
 9 SYSTEMPATH\Boot.php(363): CodeIgniter\CodeIgniter->run()
10 SYSTEMPATH\Boot.php(68): CodeIgniter\Boot::runCodeIgniter(Object(CodeIgniter\CodeIgniter))
11 FCPATH\index.php(59): CodeIgniter\Boot::bootWeb(Object(Config\Paths))
CRITICAL - 2026-03-23 01:51:45 --> CodeIgniter\Database\Exceptions\DataException: There is no data to update.
[Method: POST, Route: window/callNext/2]
in SYSTEMPATH\BaseModel.php on line 1823.
 1 SYSTEMPATH\BaseModel.php(1823): CodeIgniter\Database\Exceptions\DataException::forEmptyDataset('update')
 2 SYSTEMPATH\BaseModel.php(994): CodeIgniter\BaseModel->transformDataToArray(null, 'update')
 3 SYSTEMPATH\Model.php(860): CodeIgniter\BaseModel->update([...], null)
 4 APPPATH\Models\CustomerRecordsModel.php(117): CodeIgniter\Model->update([...])
 5 APPPATH\Controllers\Window.php(128): App\Models\CustomerRecordsModel->updateCustomerStatus('TRX-20260323-BIRTH-DELAYED-003', 'serving', '2026-03-23 01:51:45')
 6 SYSTEMPATH\CodeIgniter.php(933): App\Controllers\Window->callNext('2')
 7 SYSTEMPATH\CodeIgniter.php(507): CodeIgniter\CodeIgniter->runController(Object(App\Controllers\Window))
 8 SYSTEMPATH\CodeIgniter.php(354): CodeIgniter\CodeIgniter->handleRequest(null, Object(Config\Cache), false)
 9 SYSTEMPATH\Boot.php(363): CodeIgniter\CodeIgniter->run()
10 SYSTEMPATH\Boot.php(68): CodeIgniter\Boot::runCodeIgniter(Object(CodeIgniter\CodeIgniter))
11 FCPATH\index.php(59): CodeIgniter\Boot::bootWeb(Object(Config\Paths))
CRITICAL - 2026-03-23 01:58:48 --> CodeIgniter\Database\Exceptions\DataException: There is no data to update.
[Method: POST, Route: window/callNext/2]
in SYSTEMPATH\BaseModel.php on line 1823.
 1 SYSTEMPATH\BaseModel.php(1823): CodeIgniter\Database\Exceptions\DataException::forEmptyDataset('update')
 2 SYSTEMPATH\BaseModel.php(994): CodeIgniter\BaseModel->transformDataToArray(null, 'update')
 3 SYSTEMPATH\Model.php(860): CodeIgniter\BaseModel->update([...], null)
 4 APPPATH\Models\CustomerRecordsModel.php(151): CodeIgniter\Model->update([...])
 5 APPPATH\Controllers\Window.php(87): App\Models\CustomerRecordsModel->updateCustomerStatusByTicketNumber('BIRTH-DELAYED-003', 'completed', '2026-03-23 01:58:48')
 6 SYSTEMPATH\CodeIgniter.php(933): App\Controllers\Window->callNext('2')
 7 SYSTEMPATH\CodeIgniter.php(507): CodeIgniter\CodeIgniter->runController(Object(App\Controllers\Window))
 8 SYSTEMPATH\CodeIgniter.php(354): CodeIgniter\CodeIgniter->handleRequest(null, Object(Config\Cache), false)
 9 SYSTEMPATH\Boot.php(363): CodeIgniter\CodeIgniter->run()
10 SYSTEMPATH\Boot.php(68): CodeIgniter\Boot::runCodeIgniter(Object(CodeIgniter\CodeIgniter))
11 FCPATH\index.php(59): CodeIgniter\Boot::bootWeb(Object(Config\Paths))
CRITICAL - 2026-03-23 01:58:52 --> CodeIgniter\Database\Exceptions\DataException: There is no data to update.
[Method: POST, Route: window/callNext/2]
in SYSTEMPATH\BaseModel.php on line 1823.
 1 SYSTEMPATH\BaseModel.php(1823): CodeIgniter\Database\Exceptions\DataException::forEmptyDataset('update')
 2 SYSTEMPATH\BaseModel.php(994): CodeIgniter\BaseModel->transformDataToArray(null, 'update')
 3 SYSTEMPATH\Model.php(860): CodeIgniter\BaseModel->update([...], null)
 4 APPPATH\Models\CustomerRecordsModel.php(117): CodeIgniter\Model->update([...])
 5 APPPATH\Controllers\Window.php(128): App\Models\CustomerRecordsModel->updateCustomerStatus('TRX-20260323-BIRTH-REGULAR-004', 'serving', '2026-03-23 01:58:52')
 6 SYSTEMPATH\CodeIgniter.php(933): App\Controllers\Window->callNext('2')
 7 SYSTEMPATH\CodeIgniter.php(507): CodeIgniter\CodeIgniter->runController(Object(App\Controllers\Window))
 8 SYSTEMPATH\CodeIgniter.php(354): CodeIgniter\CodeIgniter->handleRequest(null, Object(Config\Cache), false)
 9 SYSTEMPATH\Boot.php(363): CodeIgniter\CodeIgniter->run()
10 SYSTEMPATH\Boot.php(68): CodeIgniter\Boot::runCodeIgniter(Object(CodeIgniter\CodeIgniter))
11 FCPATH\index.php(59): CodeIgniter\Boot::bootWeb(Object(Config\Paths))
CRITICAL - 2026-03-23 02:34:03 --> CodeIgniter\Database\Exceptions\DataException: There is no data to update.
[Method: POST, Route: window/callNext/4]
in SYSTEMPATH\BaseModel.php on line 1823.
 1 SYSTEMPATH\BaseModel.php(1823): CodeIgniter\Database\Exceptions\DataException::forEmptyDataset('update')
 2 SYSTEMPATH\BaseModel.php(994): CodeIgniter\BaseModel->transformDataToArray(null, 'update')
 3 SYSTEMPATH\Model.php(860): CodeIgniter\BaseModel->update([...], null)
 4 APPPATH\Models\CustomerRecordsModel.php(151): CodeIgniter\Model->update([...])
 5 APPPATH\Controllers\Window.php(87): App\Models\CustomerRecordsModel->updateCustomerStatusByTicketNumber('MARRIAGE-LICENSEAPPL', 'completed', '2026-03-23 02:34:03')
 6 SYSTEMPATH\CodeIgniter.php(933): App\Controllers\Window->callNext('4')
 7 SYSTEMPATH\CodeIgniter.php(507): CodeIgniter\CodeIgniter->runController(Object(App\Controllers\Window))
 8 SYSTEMPATH\CodeIgniter.php(354): CodeIgniter\CodeIgniter->handleRequest(null, Object(Config\Cache), false)
 9 SYSTEMPATH\Boot.php(363): CodeIgniter\CodeIgniter->run()
10 SYSTEMPATH\Boot.php(68): CodeIgniter\Boot::runCodeIgniter(Object(CodeIgniter\CodeIgniter))
11 FCPATH\index.php(59): CodeIgniter\Boot::bootWeb(Object(Config\Paths))
CRITICAL - 2026-03-23 02:34:07 --> CodeIgniter\Database\Exceptions\DataException: There is no data to update.
[Method: POST, Route: window/callNext/4]
in SYSTEMPATH\BaseModel.php on line 1823.
 1 SYSTEMPATH\BaseModel.php(1823): CodeIgniter\Database\Exceptions\DataException::forEmptyDataset('update')
 2 SYSTEMPATH\BaseModel.php(994): CodeIgniter\BaseModel->transformDataToArray(null, 'update')
 3 SYSTEMPATH\Model.php(860): CodeIgniter\BaseModel->update([...], null)
 4 APPPATH\Models\CustomerRecordsModel.php(117): CodeIgniter\Model->update([...])
 5 APPPATH\Controllers\Window.php(128): App\Models\CustomerRecordsModel->updateCustomerStatus('TRX-20260323-MARRIAGE-LICENSEENDO', 'serving', '2026-03-23 02:34:07')
 6 SYSTEMPATH\CodeIgniter.php(933): App\Controllers\Window->callNext('4')
 7 SYSTEMPATH\CodeIgniter.php(507): CodeIgniter\CodeIgniter->runController(Object(App\Controllers\Window))
 8 SYSTEMPATH\CodeIgniter.php(354): CodeIgniter\CodeIgniter->handleRequest(null, Object(Config\Cache), false)
 9 SYSTEMPATH\Boot.php(363): CodeIgniter\CodeIgniter->run()
10 SYSTEMPATH\Boot.php(68): CodeIgniter\Boot::runCodeIgniter(Object(CodeIgniter\CodeIgniter))
11 FCPATH\index.php(59): CodeIgniter\Boot::bootWeb(Object(Config\Paths))
CRITICAL - 2026-03-23 05:31:23 --> CodeIgniter\Database\Exceptions\DataException: There is no data to update.
[Method: POST, Route: window/callNext/2]
in SYSTEMPATH\BaseModel.php on line 1823.
 1 SYSTEMPATH\BaseModel.php(1823): CodeIgniter\Database\Exceptions\DataException::forEmptyDataset('update')
 2 SYSTEMPATH\BaseModel.php(994): CodeIgniter\BaseModel->transformDataToArray(null, 'update')
 3 SYSTEMPATH\Model.php(860): CodeIgniter\BaseModel->update([...], null)
 4 APPPATH\Models\CustomerRecordsModel.php(138): CodeIgniter\Model->update([...])
 5 APPPATH\Controllers\Window.php(87): App\Models\CustomerRecordsModel->updateCustomerStatusByTicketNumber('BIRTH-REGULAR-004', 'completed', '2026-03-23 05:31:23')
 6 SYSTEMPATH\CodeIgniter.php(933): App\Controllers\Window->callNext('2')
 7 SYSTEMPATH\CodeIgniter.php(507): CodeIgniter\CodeIgniter->runController(Object(App\Controllers\Window))
 8 SYSTEMPATH\CodeIgniter.php(354): CodeIgniter\CodeIgniter->handleRequest(null, Object(Config\Cache), false)
 9 SYSTEMPATH\Boot.php(363): CodeIgniter\CodeIgniter->run()
10 SYSTEMPATH\Boot.php(68): CodeIgniter\Boot::runCodeIgniter(Object(CodeIgniter\CodeIgniter))
11 FCPATH\index.php(59): CodeIgniter\Boot::bootWeb(Object(Config\Paths))
CRITICAL - 2026-03-23 05:31:27 --> CodeIgniter\Database\Exceptions\DataException: There is no data to update.
[Method: POST, Route: window/callNext/2]
in SYSTEMPATH\BaseModel.php on line 1823.
 1 SYSTEMPATH\BaseModel.php(1823): CodeIgniter\Database\Exceptions\DataException::forEmptyDataset('update')
 2 SYSTEMPATH\BaseModel.php(994): CodeIgniter\BaseModel->transformDataToArray(null, 'update')
 3 SYSTEMPATH\Model.php(860): CodeIgniter\BaseModel->update([...], null)
 4 APPPATH\Models\CustomerRecordsModel.php(111): CodeIgniter\Model->update([...])
 5 APPPATH\Controllers\Window.php(128): App\Models\CustomerRecordsModel->updateCustomerStatus('TRX-20260323-1033', 'serving', '2026-03-23 05:31:27')
 6 SYSTEMPATH\CodeIgniter.php(933): App\Controllers\Window->callNext('2')
 7 SYSTEMPATH\CodeIgniter.php(507): CodeIgniter\CodeIgniter->runController(Object(App\Controllers\Window))
 8 SYSTEMPATH\CodeIgniter.php(354): CodeIgniter\CodeIgniter->handleRequest(null, Object(Config\Cache), false)
 9 SYSTEMPATH\Boot.php(363): CodeIgniter\CodeIgniter->run()
10 SYSTEMPATH\Boot.php(68): CodeIgniter\Boot::runCodeIgniter(Object(CodeIgniter\CodeIgniter))
11 FCPATH\index.php(59): CodeIgniter\Boot::bootWeb(Object(Config\Paths))
CRITICAL - 2026-03-23 06:01:26 --> CodeIgniter\Database\Exceptions\DataException: There is no data to update.
[Method: POST, Route: window/callNext/2]
in SYSTEMPATH\BaseModel.php on line 1823.
 1 SYSTEMPATH\BaseModel.php(1823): CodeIgniter\Database\Exceptions\DataException::forEmptyDataset('update')
 2 SYSTEMPATH\BaseModel.php(994): CodeIgniter\BaseModel->transformDataToArray(null, 'update')
 3 SYSTEMPATH\Model.php(860): CodeIgniter\BaseModel->update([...], null)
 4 APPPATH\Models\CustomerRecordsModel.php(139): CodeIgniter\Model->update([...])
 5 APPPATH\Controllers\Window.php(87): App\Models\CustomerRecordsModel->updateCustomerStatusByTicketNumber('BIRTH-OUTOFTOWN-005', 'completed', '2026-03-23 06:01:26')
 6 SYSTEMPATH\CodeIgniter.php(933): App\Controllers\Window->callNext('2')
 7 SYSTEMPATH\CodeIgniter.php(507): CodeIgniter\CodeIgniter->runController(Object(App\Controllers\Window))
 8 SYSTEMPATH\CodeIgniter.php(354): CodeIgniter\CodeIgniter->handleRequest(null, Object(Config\Cache), false)
 9 SYSTEMPATH\Boot.php(363): CodeIgniter\CodeIgniter->run()
10 SYSTEMPATH\Boot.php(68): CodeIgniter\Boot::runCodeIgniter(Object(CodeIgniter\CodeIgniter))
11 FCPATH\index.php(59): CodeIgniter\Boot::bootWeb(Object(Config\Paths))
ERROR - 2026-03-23 06:01:29 --> mysqli_sql_exception: Duplicate entry 'TRX-20260323-1033' for key 'transaction_number' in C:\xampp\htdocs\queueing\system\Database\MySQLi\Connection.php:327
Stack trace:
#0 C:\xampp\htdocs\queueing\system\Database\MySQLi\Connection.php(327): mysqli->query('INSERT INTO `cu...', 0)
#1 C:\xampp\htdocs\queueing\system\Database\BaseConnection.php(729): CodeIgniter\Database\MySQLi\Connection->execute('INSERT INTO `cu...')
#2 C:\xampp\htdocs\queueing\system\Database\BaseConnection.php(646): CodeIgniter\Database\BaseConnection->simpleQuery('INSERT INTO `cu...')
#3 C:\xampp\htdocs\queueing\system\Database\BaseBuilder.php(2345): CodeIgniter\Database\BaseConnection->query('INSERT INTO `cu...', Array, false)
#4 C:\xampp\htdocs\queueing\system\Model.php(394): CodeIgniter\Database\BaseBuilder->insert()
#5 C:\xampp\htdocs\queueing\system\BaseModel.php(838): CodeIgniter\Model->doInsert(Array)
#6 C:\xampp\htdocs\queueing\system\Model.php(797): CodeIgniter\BaseModel->insert(Array, true)
#7 C:\xampp\htdocs\queueing\app\Models\CustomerRecordsModel.php(85): CodeIgniter\Model->insert(Array)
#8 C:\xampp\htdocs\queueing\app\Controllers\Window.php(125): App\Models\CustomerRecordsModel->createCustomerRecord(Array)
#9 C:\xampp\htdocs\queueing\system\CodeIgniter.php(933): App\Controllers\Window->callNext('2')
#10 C:\xampp\htdocs\queueing\system\CodeIgniter.php(507): CodeIgniter\CodeIgniter->runController(Object(App\Controllers\Window))
#11 C:\xampp\htdocs\queueing\system\CodeIgniter.php(354): CodeIgniter\CodeIgniter->handleRequest(NULL, Object(Config\Cache), false)
#12 C:\xampp\htdocs\queueing\system\Boot.php(363): CodeIgniter\CodeIgniter->run()
#13 C:\xampp\htdocs\queueing\system\Boot.php(68): CodeIgniter\Boot::runCodeIgniter(Object(CodeIgniter\CodeIgniter))
#14 C:\xampp\htdocs\queueing\public\index.php(59): CodeIgniter\Boot::bootWeb(Object(Config\Paths))
#15 {main}
CRITICAL - 2026-03-23 06:01:29 --> CodeIgniter\Database\Exceptions\DatabaseException: Duplicate entry 'TRX-20260323-1033' for key 'transaction_number'
[Method: POST, Route: window/callNext/2]
in SYSTEMPATH\Database\BaseConnection.php on line 684.
 1 SYSTEMPATH\Database\BaseBuilder.php(2345): CodeIgniter\Database\BaseConnection->query('INSERT INTO `customer_records` (`transaction_number`, `window_id`, `window_name`, `ticket_number`, `customer_name`, `document_name`, `service`, `remarks`, `status`, `queueing_time`, `start_time`, `created_at`) VALUES (:transaction_number:, :window_id:, :window_name:, :ticket_number:, :customer_name:, :document_name:, :service:, :remarks:, :status:, :queueing_time:, :start_time:, :created_at:)', [...], false)
 2 SYSTEMPATH\Model.php(394): CodeIgniter\Database\BaseBuilder->insert()
 3 SYSTEMPATH\BaseModel.php(838): CodeIgniter\Model->doInsert([...])
 4 SYSTEMPATH\Model.php(797): CodeIgniter\BaseModel->insert([...], true)
 5 APPPATH\Models\CustomerRecordsModel.php(85): CodeIgniter\Model->insert([...])
 6 APPPATH\Controllers\Window.php(125): App\Models\CustomerRecordsModel->createCustomerRecord([...])
 7 SYSTEMPATH\CodeIgniter.php(933): App\Controllers\Window->callNext('2')
 8 SYSTEMPATH\CodeIgniter.php(507): CodeIgniter\CodeIgniter->runController(Object(App\Controllers\Window))
 9 SYSTEMPATH\CodeIgniter.php(354): CodeIgniter\CodeIgniter->handleRequest(null, Object(Config\Cache), false)
10 SYSTEMPATH\Boot.php(363): CodeIgniter\CodeIgniter->run()
11 SYSTEMPATH\Boot.php(68): CodeIgniter\Boot::runCodeIgniter(Object(CodeIgniter\CodeIgniter))
12 FCPATH\index.php(59): CodeIgniter\Boot::bootWeb(Object(Config\Paths))
CRITICAL - 2026-03-23 06:01:29 --> [Caused by] CodeIgniter\Database\Exceptions\DatabaseException: Duplicate entry 'TRX-20260323-1033' for key 'transaction_number'
in SYSTEMPATH\Database\MySQLi\Connection.php on line 332.
 1 SYSTEMPATH\Database\BaseConnection.php(729): CodeIgniter\Database\MySQLi\Connection->execute('INSERT INTO `customer_records` (`transaction_number`, `window_id`, `window_name`, `ticket_number`, `customer_name`, `document_name`, `service`, `remarks`, `status`, `queueing_time`, `start_time`, `created_at`) VALUES (\'TRX-20260323-1033\', \'2\', \'Birth Registration\', \'BIRTH-DELAYED-006\', \'\', \'\', \'\', \'\', \'serving\', \'10:33:00\', \'10:33:00\', \'2026-03-23 06:01:29\')')
 2 SYSTEMPATH\Database\BaseConnection.php(646): CodeIgniter\Database\BaseConnection->simpleQuery('INSERT INTO `customer_records` (`transaction_number`, `window_id`, `window_name`, `ticket_number`, `customer_name`, `document_name`, `service`, `remarks`, `status`, `queueing_time`, `start_time`, `created_at`) VALUES (\'TRX-20260323-1033\', \'2\', \'Birth Registration\', \'BIRTH-DELAYED-006\', \'\', \'\', \'\', \'\', \'serving\', \'10:33:00\', \'10:33:00\', \'2026-03-23 06:01:29\')')
 3 SYSTEMPATH\Database\BaseBuilder.php(2345): CodeIgniter\Database\BaseConnection->query('INSERT INTO `customer_records` (`transaction_number`, `window_id`, `window_name`, `ticket_number`, `customer_name`, `document_name`, `service`, `remarks`, `status`, `queueing_time`, `start_time`, `created_at`) VALUES (:transaction_number:, :window_id:, :window_name:, :ticket_number:, :customer_name:, :document_name:, :service:, :remarks:, :status:, :queueing_time:, :start_time:, :created_at:)', [...], false)
 4 SYSTEMPATH\Model.php(394): CodeIgniter\Database\BaseBuilder->insert()
 5 SYSTEMPATH\BaseModel.php(838): CodeIgniter\Model->doInsert([...])
 6 SYSTEMPATH\Model.php(797): CodeIgniter\BaseModel->insert([...], true)
 7 APPPATH\Models\CustomerRecordsModel.php(85): CodeIgniter\Model->insert([...])
 8 APPPATH\Controllers\Window.php(125): App\Models\CustomerRecordsModel->createCustomerRecord([...])
 9 SYSTEMPATH\CodeIgniter.php(933): App\Controllers\Window->callNext('2')
10 SYSTEMPATH\CodeIgniter.php(507): CodeIgniter\CodeIgniter->runController(Object(App\Controllers\Window))
11 SYSTEMPATH\CodeIgniter.php(354): CodeIgniter\CodeIgniter->handleRequest(null, Object(Config\Cache), false)
12 SYSTEMPATH\Boot.php(363): CodeIgniter\CodeIgniter->run()
13 SYSTEMPATH\Boot.php(68): CodeIgniter\Boot::runCodeIgniter(Object(CodeIgniter\CodeIgniter))
14 FCPATH\index.php(59): CodeIgniter\Boot::bootWeb(Object(Config\Paths))
CRITICAL - 2026-03-23 06:01:29 --> [Caused by] mysqli_sql_exception: Duplicate entry 'TRX-20260323-1033' for key 'transaction_number'
in SYSTEMPATH\Database\MySQLi\Connection.php on line 327.
 1 SYSTEMPATH\Database\MySQLi\Connection.php(327): mysqli->query('INSERT INTO `customer_records` (`transaction_number`, `window_id`, `window_name`, `ticket_number`, `customer_name`, `document_name`, `service`, `remarks`, `status`, `queueing_time`, `start_time`, `created_at`) VALUES (\'TRX-20260323-1033\', \'2\', \'Birth Registration\', \'BIRTH-DELAYED-006\', \'\', \'\', \'\', \'\', \'serving\', \'10:33:00\', \'10:33:00\', \'2026-03-23 06:01:29\')', 0)
 2 SYSTEMPATH\Database\BaseConnection.php(729): CodeIgniter\Database\MySQLi\Connection->execute('INSERT INTO `customer_records` (`transaction_number`, `window_id`, `window_name`, `ticket_number`, `customer_name`, `document_name`, `service`, `remarks`, `status`, `queueing_time`, `start_time`, `created_at`) VALUES (\'TRX-20260323-1033\', \'2\', \'Birth Registration\', \'BIRTH-DELAYED-006\', \'\', \'\', \'\', \'\', \'serving\', \'10:33:00\', \'10:33:00\', \'2026-03-23 06:01:29\')')
 3 SYSTEMPATH\Database\BaseConnection.php(646): CodeIgniter\Database\BaseConnection->simpleQuery('INSERT INTO `customer_records` (`transaction_number`, `window_id`, `window_name`, `ticket_number`, `customer_name`, `document_name`, `service`, `remarks`, `status`, `queueing_time`, `start_time`, `created_at`) VALUES (\'TRX-20260323-1033\', \'2\', \'Birth Registration\', \'BIRTH-DELAYED-006\', \'\', \'\', \'\', \'\', \'serving\', \'10:33:00\', \'10:33:00\', \'2026-03-23 06:01:29\')')
 4 SYSTEMPATH\Database\BaseBuilder.php(2345): CodeIgniter\Database\BaseConnection->query('INSERT INTO `customer_records` (`transaction_number`, `window_id`, `window_name`, `ticket_number`, `customer_name`, `document_name`, `service`, `remarks`, `status`, `queueing_time`, `start_time`, `created_at`) VALUES (:transaction_number:, :window_id:, :window_name:, :ticket_number:, :customer_name:, :document_name:, :service:, :remarks:, :status:, :queueing_time:, :start_time:, :created_at:)', [...], false)
 5 SYSTEMPATH\Model.php(394): CodeIgniter\Database\BaseBuilder->insert()
 6 SYSTEMPATH\BaseModel.php(838): CodeIgniter\Model->doInsert([...])
 7 SYSTEMPATH\Model.php(797): CodeIgniter\BaseModel->insert([...], true)
 8 APPPATH\Models\CustomerRecordsModel.php(85): CodeIgniter\Model->insert([...])
 9 APPPATH\Controllers\Window.php(125): App\Models\CustomerRecordsModel->createCustomerRecord([...])
10 SYSTEMPATH\CodeIgniter.php(933): App\Controllers\Window->callNext('2')
11 SYSTEMPATH\CodeIgniter.php(507): CodeIgniter\CodeIgniter->runController(Object(App\Controllers\Window))
12 SYSTEMPATH\CodeIgniter.php(354): CodeIgniter\CodeIgniter->handleRequest(null, Object(Config\Cache), false)
13 SYSTEMPATH\Boot.php(363): CodeIgniter\CodeIgniter->run()
14 SYSTEMPATH\Boot.php(68): CodeIgniter\Boot::runCodeIgniter(Object(CodeIgniter\CodeIgniter))
15 FCPATH\index.php(59): CodeIgniter\Boot::bootWeb(Object(Config\Paths))
CRITICAL - 2026-03-23 06:06:40 --> CodeIgniter\Database\Exceptions\DataException: There is no data to update.
[Method: POST, Route: window/callNext/3]
in SYSTEMPATH\BaseModel.php on line 1823.
 1 SYSTEMPATH\BaseModel.php(1823): CodeIgniter\Database\Exceptions\DataException::forEmptyDataset('update')
 2 SYSTEMPATH\BaseModel.php(994): CodeIgniter\BaseModel->transformDataToArray(null, 'update')
 3 SYSTEMPATH\Model.php(860): CodeIgniter\BaseModel->update([...], null)
 4 APPPATH\Models\CustomerRecordsModel.php(139): CodeIgniter\Model->update([...])
 5 APPPATH\Controllers\Window.php(87): App\Models\CustomerRecordsModel->updateCustomerStatusByTicketNumber('DEATH-DELAYED-001', 'completed', '2026-03-23 06:06:40')
 6 SYSTEMPATH\CodeIgniter.php(933): App\Controllers\Window->callNext('3')
 7 SYSTEMPATH\CodeIgniter.php(507): CodeIgniter\CodeIgniter->runController(Object(App\Controllers\Window))
 8 SYSTEMPATH\CodeIgniter.php(354): CodeIgniter\CodeIgniter->handleRequest(null, Object(Config\Cache), false)
 9 SYSTEMPATH\Boot.php(363): CodeIgniter\CodeIgniter->run()
10 SYSTEMPATH\Boot.php(68): CodeIgniter\Boot::runCodeIgniter(Object(CodeIgniter\CodeIgniter))
11 FCPATH\index.php(59): CodeIgniter\Boot::bootWeb(Object(Config\Paths))
CRITICAL - 2026-03-23 06:06:43 --> ErrorException: Undefined array key "window_name"
[Method: POST, Route: window/callNext/3]
in APPPATH\Controllers\Window.php on line 154.
 1 APPPATH\Controllers\Window.php(154): CodeIgniter\Debug\Exceptions->errorHandler(2, 'Undefined array key "window_name"', 'C:\\xampp\\htdocs\\queueing\\app\\Controllers\\Window.php', 154)
 2 APPPATH\Controllers\Window.php(114): App\Controllers\Window->generateTransactionNumber('DEATH-REGULAR-002', '2026-03-23 10:31:54')
 3 SYSTEMPATH\CodeIgniter.php(933): App\Controllers\Window->callNext('3')
 4 SYSTEMPATH\CodeIgniter.php(507): CodeIgniter\CodeIgniter->runController(Object(App\Controllers\Window))
 5 SYSTEMPATH\CodeIgniter.php(354): CodeIgniter\CodeIgniter->handleRequest(null, Object(Config\Cache), false)
 6 SYSTEMPATH\Boot.php(363): CodeIgniter\CodeIgniter->run()
 7 SYSTEMPATH\Boot.php(68): CodeIgniter\Boot::runCodeIgniter(Object(CodeIgniter\CodeIgniter))
 8 FCPATH\index.php(59): CodeIgniter\Boot::bootWeb(Object(Config\Paths))
CRITICAL - 2026-03-23 06:09:28 --> CodeIgniter\Database\Exceptions\DataException: There is no data to update.
[Method: POST, Route: window/callNext/3]
in SYSTEMPATH\BaseModel.php on line 1823.
 1 SYSTEMPATH\BaseModel.php(1823): CodeIgniter\Database\Exceptions\DataException::forEmptyDataset('update')
 2 SYSTEMPATH\BaseModel.php(994): CodeIgniter\BaseModel->transformDataToArray(null, 'update')
 3 SYSTEMPATH\Model.php(860): CodeIgniter\BaseModel->update([...], null)
 4 APPPATH\Models\CustomerRecordsModel.php(139): CodeIgniter\Model->update([...])
 5 APPPATH\Controllers\Window.php(87): App\Models\CustomerRecordsModel->updateCustomerStatusByTicketNumber('DEATH-REGULAR-002', 'completed', '2026-03-23 06:09:28')
 6 SYSTEMPATH\CodeIgniter.php(933): App\Controllers\Window->callNext('3')
 7 SYSTEMPATH\CodeIgniter.php(507): CodeIgniter\CodeIgniter->runController(Object(App\Controllers\Window))
 8 SYSTEMPATH\CodeIgniter.php(354): CodeIgniter\CodeIgniter->handleRequest(null, Object(Config\Cache), false)
 9 SYSTEMPATH\Boot.php(363): CodeIgniter\CodeIgniter->run()
10 SYSTEMPATH\Boot.php(68): CodeIgniter\Boot::runCodeIgniter(Object(CodeIgniter\CodeIgniter))
11 FCPATH\index.php(59): CodeIgniter\Boot::bootWeb(Object(Config\Paths))
CRITICAL - 2026-03-23 06:09:48 --> ErrorException: Undefined array key "window_name"
[Method: POST, Route: window/callNext/3]
in APPPATH\Controllers\Window.php on line 154.
 1 APPPATH\Controllers\Window.php(154): CodeIgniter\Debug\Exceptions->errorHandler(2, 'Undefined array key "window_name"', 'C:\\xampp\\htdocs\\queueing\\app\\Controllers\\Window.php', 154)
 2 APPPATH\Controllers\Window.php(114): App\Controllers\Window->generateTransactionNumber('DEATH-DELAYED-003', '2026-03-23 10:32:54')
 3 SYSTEMPATH\CodeIgniter.php(933): App\Controllers\Window->callNext('3')
 4 SYSTEMPATH\CodeIgniter.php(507): CodeIgniter\CodeIgniter->runController(Object(App\Controllers\Window))
 5 SYSTEMPATH\CodeIgniter.php(354): CodeIgniter\CodeIgniter->handleRequest(null, Object(Config\Cache), false)
 6 SYSTEMPATH\Boot.php(363): CodeIgniter\CodeIgniter->run()
 7 SYSTEMPATH\Boot.php(68): CodeIgniter\Boot::runCodeIgniter(Object(CodeIgniter\CodeIgniter))
 8 FCPATH\index.php(59): CodeIgniter\Boot::bootWeb(Object(Config\Paths))
CRITICAL - 2026-03-23 06:12:34 --> CodeIgniter\Database\Exceptions\DataException: There is no data to update.
[Method: POST, Route: window/callNext/3]
in SYSTEMPATH\BaseModel.php on line 1823.
 1 SYSTEMPATH\BaseModel.php(1823): CodeIgniter\Database\Exceptions\DataException::forEmptyDataset('update')
 2 SYSTEMPATH\BaseModel.php(994): CodeIgniter\BaseModel->transformDataToArray(null, 'update')
 3 SYSTEMPATH\Model.php(860): CodeIgniter\BaseModel->update([...], null)
 4 APPPATH\Models\CustomerRecordsModel.php(139): CodeIgniter\Model->update([...])
 5 APPPATH\Controllers\Window.php(87): App\Models\CustomerRecordsModel->updateCustomerStatusByTicketNumber('DEATH-DELAYED-003', 'completed', '2026-03-23 06:12:34')
 6 SYSTEMPATH\CodeIgniter.php(933): App\Controllers\Window->callNext('3')
 7 SYSTEMPATH\CodeIgniter.php(507): CodeIgniter\CodeIgniter->runController(Object(App\Controllers\Window))
 8 SYSTEMPATH\CodeIgniter.php(354): CodeIgniter\CodeIgniter->handleRequest(null, Object(Config\Cache), false)
 9 SYSTEMPATH\Boot.php(363): CodeIgniter\CodeIgniter->run()
10 SYSTEMPATH\Boot.php(68): CodeIgniter\Boot::runCodeIgniter(Object(CodeIgniter\CodeIgniter))
11 FCPATH\index.php(59): CodeIgniter\Boot::bootWeb(Object(Config\Paths))
CRITICAL - 2026-03-23 06:13:38 --> CodeIgniter\Database\Exceptions\DataException: There is no data to update.
[Method: POST, Route: window/callNext/3]
in SYSTEMPATH\BaseModel.php on line 1823.
 1 SYSTEMPATH\BaseModel.php(1823): CodeIgniter\Database\Exceptions\DataException::forEmptyDataset('update')
 2 SYSTEMPATH\BaseModel.php(994): CodeIgniter\BaseModel->transformDataToArray(null, 'update')
 3 SYSTEMPATH\Model.php(860): CodeIgniter\BaseModel->update([...], null)
 4 APPPATH\Models\CustomerRecordsModel.php(112): CodeIgniter\Model->update([...])
 5 APPPATH\Controllers\Window.php(128): App\Models\CustomerRecordsModel->updateCustomerStatus('DEATH-20260323-1032', 'serving', '2026-03-23 06:13:38')
 6 SYSTEMPATH\CodeIgniter.php(933): App\Controllers\Window->callNext('3')
 7 SYSTEMPATH\CodeIgniter.php(507): CodeIgniter\CodeIgniter->runController(Object(App\Controllers\Window))
 8 SYSTEMPATH\CodeIgniter.php(354): CodeIgniter\CodeIgniter->handleRequest(null, Object(Config\Cache), false)
 9 SYSTEMPATH\Boot.php(363): CodeIgniter\CodeIgniter->run()
10 SYSTEMPATH\Boot.php(68): CodeIgniter\Boot::runCodeIgniter(Object(CodeIgniter\CodeIgniter))
11 FCPATH\index.php(59): CodeIgniter\Boot::bootWeb(Object(Config\Paths))
CRITICAL - 2026-03-23 06:16:01 --> CodeIgniter\Database\Exceptions\DataException: There is no data to update.
[Method: POST, Route: window/callNext/4]
in SYSTEMPATH\BaseModel.php on line 1823.
 1 SYSTEMPATH\BaseModel.php(1823): CodeIgniter\Database\Exceptions\DataException::forEmptyDataset('update')
 2 SYSTEMPATH\BaseModel.php(994): CodeIgniter\BaseModel->transformDataToArray(null, 'update')
 3 SYSTEMPATH\Model.php(860): CodeIgniter\BaseModel->update([...], null)
 4 APPPATH\Models\CustomerRecordsModel.php(139): CodeIgniter\Model->update([...])
 5 APPPATH\Controllers\Window.php(87): App\Models\CustomerRecordsModel->updateCustomerStatusByTicketNumber('MARRIAGE-LICENSEENDO', 'completed', '2026-03-23 06:16:01')
 6 SYSTEMPATH\CodeIgniter.php(933): App\Controllers\Window->callNext('4')
 7 SYSTEMPATH\CodeIgniter.php(507): CodeIgniter\CodeIgniter->runController(Object(App\Controllers\Window))
 8 SYSTEMPATH\CodeIgniter.php(354): CodeIgniter\CodeIgniter->handleRequest(null, Object(Config\Cache), false)
 9 SYSTEMPATH\Boot.php(363): CodeIgniter\CodeIgniter->run()
10 SYSTEMPATH\Boot.php(68): CodeIgniter\Boot::runCodeIgniter(Object(CodeIgniter\CodeIgniter))
11 FCPATH\index.php(59): CodeIgniter\Boot::bootWeb(Object(Config\Paths))
CRITICAL - 2026-03-23 06:17:17 --> CodeIgniter\Database\Exceptions\DataException: There is no data to update.
[Method: POST, Route: window/callNext/4]
in SYSTEMPATH\BaseModel.php on line 1823.
 1 SYSTEMPATH\BaseModel.php(1823): CodeIgniter\Database\Exceptions\DataException::forEmptyDataset('update')
 2 SYSTEMPATH\BaseModel.php(994): CodeIgniter\BaseModel->transformDataToArray(null, 'update')
 3 SYSTEMPATH\Model.php(860): CodeIgniter\BaseModel->update([...], null)
 4 APPPATH\Models\CustomerRecordsModel.php(143): CodeIgniter\Model->update([...])
 5 APPPATH\Controllers\Window.php(145): App\Models\CustomerRecordsModel->updateCustomerStatusByTicketNumber('MARRIAGE-DELAYED-003', 'serving', '2026-03-23 06:17:17')
 6 SYSTEMPATH\CodeIgniter.php(933): App\Controllers\Window->callNext('4')
 7 SYSTEMPATH\CodeIgniter.php(507): CodeIgniter\CodeIgniter->runController(Object(App\Controllers\Window))
 8 SYSTEMPATH\CodeIgniter.php(354): CodeIgniter\CodeIgniter->handleRequest(null, Object(Config\Cache), false)
 9 SYSTEMPATH\Boot.php(363): CodeIgniter\CodeIgniter->run()
10 SYSTEMPATH\Boot.php(68): CodeIgniter\Boot::runCodeIgniter(Object(CodeIgniter\CodeIgniter))
11 FCPATH\index.php(59): CodeIgniter\Boot::bootWeb(Object(Config\Paths))
CRITICAL - 2026-03-23 06:19:34 --> CodeIgniter\Database\Exceptions\DataException: There is no data to update.
[Method: POST, Route: window/callNext/4]
in SYSTEMPATH\BaseModel.php on line 1823.
 1 SYSTEMPATH\BaseModel.php(1823): CodeIgniter\Database\Exceptions\DataException::forEmptyDataset('update')
 2 SYSTEMPATH\BaseModel.php(994): CodeIgniter\BaseModel->transformDataToArray(null, 'update')
 3 SYSTEMPATH\Model.php(860): CodeIgniter\BaseModel->update([...], null)
 4 APPPATH\Models\CustomerRecordsModel.php(143): CodeIgniter\Model->update([...])
 5 APPPATH\Controllers\Window.php(91): App\Models\CustomerRecordsModel->updateCustomerStatusByTicketNumber('MARRIAGE-DELAYED-003', 'completed', '2026-03-23 06:19:34')
 6 SYSTEMPATH\CodeIgniter.php(933): App\Controllers\Window->callNext('4')
 7 SYSTEMPATH\CodeIgniter.php(507): CodeIgniter\CodeIgniter->runController(Object(App\Controllers\Window))
 8 SYSTEMPATH\CodeIgniter.php(354): CodeIgniter\CodeIgniter->handleRequest(null, Object(Config\Cache), false)
 9 SYSTEMPATH\Boot.php(363): CodeIgniter\CodeIgniter->run()
10 SYSTEMPATH\Boot.php(68): CodeIgniter\Boot::runCodeIgniter(Object(CodeIgniter\CodeIgniter))
11 FCPATH\index.php(59): CodeIgniter\Boot::bootWeb(Object(Config\Paths))
ERROR - 2026-03-23 06:19:37 --> mysqli_sql_exception: Duplicate entry 'MARRIAGE-20260323-1032' for key 'transaction_number' in C:\xampp\htdocs\queueing\system\Database\MySQLi\Connection.php:327
Stack trace:
#0 C:\xampp\htdocs\queueing\system\Database\MySQLi\Connection.php(327): mysqli->query('INSERT INTO `cu...', 0)
#1 C:\xampp\htdocs\queueing\system\Database\BaseConnection.php(729): CodeIgniter\Database\MySQLi\Connection->execute('INSERT INTO `cu...')
#2 C:\xampp\htdocs\queueing\system\Database\BaseConnection.php(646): CodeIgniter\Database\BaseConnection->simpleQuery('INSERT INTO `cu...')
#3 C:\xampp\htdocs\queueing\system\Database\BaseBuilder.php(2345): CodeIgniter\Database\BaseConnection->query('INSERT INTO `cu...', Array, false)
#4 C:\xampp\htdocs\queueing\system\Model.php(394): CodeIgniter\Database\BaseBuilder->insert()
#5 C:\xampp\htdocs\queueing\system\BaseModel.php(838): CodeIgniter\Model->doInsert(Array)
#6 C:\xampp\htdocs\queueing\system\Model.php(797): CodeIgniter\BaseModel->insert(Array, true)
#7 C:\xampp\htdocs\queueing\app\Models\CustomerRecordsModel.php(85): CodeIgniter\Model->insert(Array)
#8 C:\xampp\htdocs\queueing\app\Controllers\Window.php(149): App\Models\CustomerRecordsModel->createCustomerRecord(Array)
#9 C:\xampp\htdocs\queueing\system\CodeIgniter.php(933): App\Controllers\Window->callNext('4')
#10 C:\xampp\htdocs\queueing\system\CodeIgniter.php(507): CodeIgniter\CodeIgniter->runController(Object(App\Controllers\Window))
#11 C:\xampp\htdocs\queueing\system\CodeIgniter.php(354): CodeIgniter\CodeIgniter->handleRequest(NULL, Object(Config\Cache), false)
#12 C:\xampp\htdocs\queueing\system\Boot.php(363): CodeIgniter\CodeIgniter->run()
#13 C:\xampp\htdocs\queueing\system\Boot.php(68): CodeIgniter\Boot::runCodeIgniter(Object(CodeIgniter\CodeIgniter))
#14 C:\xampp\htdocs\queueing\public\index.php(59): CodeIgniter\Boot::bootWeb(Object(Config\Paths))
#15 {main}
CRITICAL - 2026-03-23 06:19:37 --> CodeIgniter\Database\Exceptions\DatabaseException: Duplicate entry 'MARRIAGE-20260323-1032' for key 'transaction_number'
[Method: POST, Route: window/callNext/4]
in SYSTEMPATH\Database\BaseConnection.php on line 684.
 1 SYSTEMPATH\Database\BaseBuilder.php(2345): CodeIgniter\Database\BaseConnection->query('INSERT INTO `customer_records` (`transaction_number`, `window_id`, `window_name`, `ticket_number`, `customer_name`, `document_name`, `service`, `remarks`, `status`, `queueing_time`, `start_time`, `created_at`) VALUES (:transaction_number:, :window_id:, :window_name:, :ticket_number:, :customer_name:, :document_name:, :service:, :remarks:, :status:, :queueing_time:, :start_time:, :created_at:)', [...], false)
 2 SYSTEMPATH\Model.php(394): CodeIgniter\Database\BaseBuilder->insert()
 3 SYSTEMPATH\BaseModel.php(838): CodeIgniter\Model->doInsert([...])
 4 SYSTEMPATH\Model.php(797): CodeIgniter\BaseModel->insert([...], true)
 5 APPPATH\Models\CustomerRecordsModel.php(85): CodeIgniter\Model->insert([...])
 6 APPPATH\Controllers\Window.php(149): App\Models\CustomerRecordsModel->createCustomerRecord([...])
 7 SYSTEMPATH\CodeIgniter.php(933): App\Controllers\Window->callNext('4')
 8 SYSTEMPATH\CodeIgniter.php(507): CodeIgniter\CodeIgniter->runController(Object(App\Controllers\Window))
 9 SYSTEMPATH\CodeIgniter.php(354): CodeIgniter\CodeIgniter->handleRequest(null, Object(Config\Cache), false)
10 SYSTEMPATH\Boot.php(363): CodeIgniter\CodeIgniter->run()
11 SYSTEMPATH\Boot.php(68): CodeIgniter\Boot::runCodeIgniter(Object(CodeIgniter\CodeIgniter))
12 FCPATH\index.php(59): CodeIgniter\Boot::bootWeb(Object(Config\Paths))
CRITICAL - 2026-03-23 06:19:37 --> [Caused by] CodeIgniter\Database\Exceptions\DatabaseException: Duplicate entry 'MARRIAGE-20260323-1032' for key 'transaction_number'
in SYSTEMPATH\Database\MySQLi\Connection.php on line 332.
 1 SYSTEMPATH\Database\BaseConnection.php(729): CodeIgniter\Database\MySQLi\Connection->execute('INSERT INTO `customer_records` (`transaction_number`, `window_id`, `window_name`, `ticket_number`, `customer_name`, `document_name`, `service`, `remarks`, `status`, `queueing_time`, `start_time`, `created_at`) VALUES (\'MARRIAGE-20260323-1032\', \'4\', \'Marriage Registration\', \'MARRIAGE-REGULAR-004\', \'\', \'\', \'\', \'\', \'serving\', \'00:00:00\', \'00:00:00\', \'2026-03-23 06:19:37\')')
 2 SYSTEMPATH\Database\BaseConnection.php(646): CodeIgniter\Database\BaseConnection->simpleQuery('INSERT INTO `customer_records` (`transaction_number`, `window_id`, `window_name`, `ticket_number`, `customer_name`, `document_name`, `service`, `remarks`, `status`, `queueing_time`, `start_time`, `created_at`) VALUES (\'MARRIAGE-20260323-1032\', \'4\', \'Marriage Registration\', \'MARRIAGE-REGULAR-004\', \'\', \'\', \'\', \'\', \'serving\', \'00:00:00\', \'00:00:00\', \'2026-03-23 06:19:37\')')
 3 SYSTEMPATH\Database\BaseBuilder.php(2345): CodeIgniter\Database\BaseConnection->query('INSERT INTO `customer_records` (`transaction_number`, `window_id`, `window_name`, `ticket_number`, `customer_name`, `document_name`, `service`, `remarks`, `status`, `queueing_time`, `start_time`, `created_at`) VALUES (:transaction_number:, :window_id:, :window_name:, :ticket_number:, :customer_name:, :document_name:, :service:, :remarks:, :status:, :queueing_time:, :start_time:, :created_at:)', [...], false)
 4 SYSTEMPATH\Model.php(394): CodeIgniter\Database\BaseBuilder->insert()
 5 SYSTEMPATH\BaseModel.php(838): CodeIgniter\Model->doInsert([...])
 6 SYSTEMPATH\Model.php(797): CodeIgniter\BaseModel->insert([...], true)
 7 APPPATH\Models\CustomerRecordsModel.php(85): CodeIgniter\Model->insert([...])
 8 APPPATH\Controllers\Window.php(149): App\Models\CustomerRecordsModel->createCustomerRecord([...])
 9 SYSTEMPATH\CodeIgniter.php(933): App\Controllers\Window->callNext('4')
10 SYSTEMPATH\CodeIgniter.php(507): CodeIgniter\CodeIgniter->runController(Object(App\Controllers\Window))
11 SYSTEMPATH\CodeIgniter.php(354): CodeIgniter\CodeIgniter->handleRequest(null, Object(Config\Cache), false)
12 SYSTEMPATH\Boot.php(363): CodeIgniter\CodeIgniter->run()
13 SYSTEMPATH\Boot.php(68): CodeIgniter\Boot::runCodeIgniter(Object(CodeIgniter\CodeIgniter))
14 FCPATH\index.php(59): CodeIgniter\Boot::bootWeb(Object(Config\Paths))
CRITICAL - 2026-03-23 06:19:37 --> [Caused by] mysqli_sql_exception: Duplicate entry 'MARRIAGE-20260323-1032' for key 'transaction_number'
in SYSTEMPATH\Database\MySQLi\Connection.php on line 327.
 1 SYSTEMPATH\Database\MySQLi\Connection.php(327): mysqli->query('INSERT INTO `customer_records` (`transaction_number`, `window_id`, `window_name`, `ticket_number`, `customer_name`, `document_name`, `service`, `remarks`, `status`, `queueing_time`, `start_time`, `created_at`) VALUES (\'MARRIAGE-20260323-1032\', \'4\', \'Marriage Registration\', \'MARRIAGE-REGULAR-004\', \'\', \'\', \'\', \'\', \'serving\', \'00:00:00\', \'00:00:00\', \'2026-03-23 06:19:37\')', 0)
 2 SYSTEMPATH\Database\BaseConnection.php(729): CodeIgniter\Database\MySQLi\Connection->execute('INSERT INTO `customer_records` (`transaction_number`, `window_id`, `window_name`, `ticket_number`, `customer_name`, `document_name`, `service`, `remarks`, `status`, `queueing_time`, `start_time`, `created_at`) VALUES (\'MARRIAGE-20260323-1032\', \'4\', \'Marriage Registration\', \'MARRIAGE-REGULAR-004\', \'\', \'\', \'\', \'\', \'serving\', \'00:00:00\', \'00:00:00\', \'2026-03-23 06:19:37\')')
 3 SYSTEMPATH\Database\BaseConnection.php(646): CodeIgniter\Database\BaseConnection->simpleQuery('INSERT INTO `customer_records` (`transaction_number`, `window_id`, `window_name`, `ticket_number`, `customer_name`, `document_name`, `service`, `remarks`, `status`, `queueing_time`, `start_time`, `created_at`) VALUES (\'MARRIAGE-20260323-1032\', \'4\', \'Marriage Registration\', \'MARRIAGE-REGULAR-004\', \'\', \'\', \'\', \'\', \'serving\', \'00:00:00\', \'00:00:00\', \'2026-03-23 06:19:37\')')
 4 SYSTEMPATH\Database\BaseBuilder.php(2345): CodeIgniter\Database\BaseConnection->query('INSERT INTO `customer_records` (`transaction_number`, `window_id`, `window_name`, `ticket_number`, `customer_name`, `document_name`, `service`, `remarks`, `status`, `queueing_time`, `start_time`, `created_at`) VALUES (:transaction_number:, :window_id:, :window_name:, :ticket_number:, :customer_name:, :document_name:, :service:, :remarks:, :status:, :queueing_time:, :start_time:, :created_at:)', [...], false)
 5 SYSTEMPATH\Model.php(394): CodeIgniter\Database\BaseBuilder->insert()
 6 SYSTEMPATH\BaseModel.php(838): CodeIgniter\Model->doInsert([...])
 7 SYSTEMPATH\Model.php(797): CodeIgniter\BaseModel->insert([...], true)
 8 APPPATH\Models\CustomerRecordsModel.php(85): CodeIgniter\Model->insert([...])
 9 APPPATH\Controllers\Window.php(149): App\Models\CustomerRecordsModel->createCustomerRecord([...])
10 SYSTEMPATH\CodeIgniter.php(933): App\Controllers\Window->callNext('4')
11 SYSTEMPATH\CodeIgniter.php(507): CodeIgniter\CodeIgniter->runController(Object(App\Controllers\Window))
12 SYSTEMPATH\CodeIgniter.php(354): CodeIgniter\CodeIgniter->handleRequest(null, Object(Config\Cache), false)
13 SYSTEMPATH\Boot.php(363): CodeIgniter\CodeIgniter->run()
14 SYSTEMPATH\Boot.php(68): CodeIgniter\Boot::runCodeIgniter(Object(CodeIgniter\CodeIgniter))
15 FCPATH\index.php(59): CodeIgniter\Boot::bootWeb(Object(Config\Paths))
CRITICAL - 2026-03-23 07:36:05 --> CodeIgniter\Database\Exceptions\DataException: There is no data to update.
[Method: POST, Route: window/callNext/1]
in SYSTEMPATH\BaseModel.php on line 1823.
 1 SYSTEMPATH\BaseModel.php(1823): CodeIgniter\Database\Exceptions\DataException::forEmptyDataset('update')
 2 SYSTEMPATH\BaseModel.php(994): CodeIgniter\BaseModel->transformDataToArray(null, 'update')
 3 SYSTEMPATH\Model.php(860): CodeIgniter\BaseModel->update([...], null)
 4 APPPATH\Models\CustomerRecordsModel.php(171): CodeIgniter\Model->update([...])
 5 APPPATH\Controllers\Window.php(93): App\Models\CustomerRecordsModel->updateCustomerStatus('BREQS20260323-001', 'completed')
 6 SYSTEMPATH\CodeIgniter.php(933): App\Controllers\Window->callNext('1')
 7 SYSTEMPATH\CodeIgniter.php(507): CodeIgniter\CodeIgniter->runController(Object(App\Controllers\Window))
 8 SYSTEMPATH\CodeIgniter.php(354): CodeIgniter\CodeIgniter->handleRequest(null, Object(Config\Cache), false)
 9 SYSTEMPATH\Boot.php(363): CodeIgniter\CodeIgniter->run()
10 SYSTEMPATH\Boot.php(68): CodeIgniter\Boot::runCodeIgniter(Object(CodeIgniter\CodeIgniter))
11 FCPATH\index.php(59): CodeIgniter\Boot::bootWeb(Object(Config\Paths))
ERROR - 2026-03-23 07:36:51 --> mysqli_sql_exception: Duplicate entry 'BREQS20260323-002' for key 'transaction_number' in C:\xampp\htdocs\queueing\system\Database\MySQLi\Connection.php:327
Stack trace:
#0 C:\xampp\htdocs\queueing\system\Database\MySQLi\Connection.php(327): mysqli->query('INSERT INTO `cu...', 0)
#1 C:\xampp\htdocs\queueing\system\Database\BaseConnection.php(729): CodeIgniter\Database\MySQLi\Connection->execute('INSERT INTO `cu...')
#2 C:\xampp\htdocs\queueing\system\Database\BaseConnection.php(646): CodeIgniter\Database\BaseConnection->simpleQuery('INSERT INTO `cu...')
#3 C:\xampp\htdocs\queueing\system\Database\BaseBuilder.php(2345): CodeIgniter\Database\BaseConnection->query('INSERT INTO `cu...', Array, false)
#4 C:\xampp\htdocs\queueing\system\Model.php(394): CodeIgniter\Database\BaseBuilder->insert()
#5 C:\xampp\htdocs\queueing\system\BaseModel.php(838): CodeIgniter\Model->doInsert(Array)
#6 C:\xampp\htdocs\queueing\system\Model.php(797): CodeIgniter\BaseModel->insert(Array, true)
#7 C:\xampp\htdocs\queueing\app\Models\CustomerRecordsModel.php(125): CodeIgniter\Model->insert(Array)
#8 C:\xampp\htdocs\queueing\app\Controllers\Window.php(303): App\Models\CustomerRecordsModel->createCustomerRecord(Array)
#9 C:\xampp\htdocs\queueing\system\CodeIgniter.php(933): App\Controllers\Window->saveCustomer()
#10 C:\xampp\htdocs\queueing\system\CodeIgniter.php(507): CodeIgniter\CodeIgniter->runController(Object(App\Controllers\Window))
#11 C:\xampp\htdocs\queueing\system\CodeIgniter.php(354): CodeIgniter\CodeIgniter->handleRequest(NULL, Object(Config\Cache), false)
#12 C:\xampp\htdocs\queueing\system\Boot.php(363): CodeIgniter\CodeIgniter->run()
#13 C:\xampp\htdocs\queueing\system\Boot.php(68): CodeIgniter\Boot::runCodeIgniter(Object(CodeIgniter\CodeIgniter))
#14 C:\xampp\htdocs\queueing\public\index.php(59): CodeIgniter\Boot::bootWeb(Object(Config\Paths))
#15 {main}
ERROR - 2026-03-23 07:36:57 --> mysqli_sql_exception: Duplicate entry 'BREQS20260323-002' for key 'transaction_number' in C:\xampp\htdocs\queueing\system\Database\MySQLi\Connection.php:327
Stack trace:
#0 C:\xampp\htdocs\queueing\system\Database\MySQLi\Connection.php(327): mysqli->query('INSERT INTO `cu...', 0)
#1 C:\xampp\htdocs\queueing\system\Database\BaseConnection.php(729): CodeIgniter\Database\MySQLi\Connection->execute('INSERT INTO `cu...')
#2 C:\xampp\htdocs\queueing\system\Database\BaseConnection.php(646): CodeIgniter\Database\BaseConnection->simpleQuery('INSERT INTO `cu...')
#3 C:\xampp\htdocs\queueing\system\Database\BaseBuilder.php(2345): CodeIgniter\Database\BaseConnection->query('INSERT INTO `cu...', Array, false)
#4 C:\xampp\htdocs\queueing\system\Model.php(394): CodeIgniter\Database\BaseBuilder->insert()
#5 C:\xampp\htdocs\queueing\system\BaseModel.php(838): CodeIgniter\Model->doInsert(Array)
#6 C:\xampp\htdocs\queueing\system\Model.php(797): CodeIgniter\BaseModel->insert(Array, true)
#7 C:\xampp\htdocs\queueing\app\Models\CustomerRecordsModel.php(125): CodeIgniter\Model->insert(Array)
#8 C:\xampp\htdocs\queueing\app\Controllers\Window.php(303): App\Models\CustomerRecordsModel->createCustomerRecord(Array)
#9 C:\xampp\htdocs\queueing\system\CodeIgniter.php(933): App\Controllers\Window->saveCustomer()
#10 C:\xampp\htdocs\queueing\system\CodeIgniter.php(507): CodeIgniter\CodeIgniter->runController(Object(App\Controllers\Window))
#11 C:\xampp\htdocs\queueing\system\CodeIgniter.php(354): CodeIgniter\CodeIgniter->handleRequest(NULL, Object(Config\Cache), false)
#12 C:\xampp\htdocs\queueing\system\Boot.php(363): CodeIgniter\CodeIgniter->run()
#13 C:\xampp\htdocs\queueing\system\Boot.php(68): CodeIgniter\Boot::runCodeIgniter(Object(CodeIgniter\CodeIgniter))
#14 C:\xampp\htdocs\queueing\public\index.php(59): CodeIgniter\Boot::bootWeb(Object(Config\Paths))
#15 {main}
ERROR - 2026-03-23 09:22:19 --> mysqli_sql_exception: Duplicate entry 'BREQS20260323-002' for key 'transaction_number' in C:\xampp\htdocs\queueing\system\Database\MySQLi\Connection.php:327
Stack trace:
#0 C:\xampp\htdocs\queueing\system\Database\MySQLi\Connection.php(327): mysqli->query('INSERT INTO `cu...', 0)
#1 C:\xampp\htdocs\queueing\system\Database\BaseConnection.php(729): CodeIgniter\Database\MySQLi\Connection->execute('INSERT INTO `cu...')
#2 C:\xampp\htdocs\queueing\system\Database\BaseConnection.php(646): CodeIgniter\Database\BaseConnection->simpleQuery('INSERT INTO `cu...')
#3 C:\xampp\htdocs\queueing\system\Database\BaseBuilder.php(2345): CodeIgniter\Database\BaseConnection->query('INSERT INTO `cu...', Array, false)
#4 C:\xampp\htdocs\queueing\system\Model.php(394): CodeIgniter\Database\BaseBuilder->insert()
#5 C:\xampp\htdocs\queueing\system\BaseModel.php(838): CodeIgniter\Model->doInsert(Array)
#6 C:\xampp\htdocs\queueing\system\Model.php(797): CodeIgniter\BaseModel->insert(Array, true)
#7 C:\xampp\htdocs\queueing\app\Models\CustomerRecordsModel.php(125): CodeIgniter\Model->insert(Array)
#8 C:\xampp\htdocs\queueing\app\Controllers\Window.php(303): App\Models\CustomerRecordsModel->createCustomerRecord(Array)
#9 C:\xampp\htdocs\queueing\system\CodeIgniter.php(933): App\Controllers\Window->saveCustomer()
#10 C:\xampp\htdocs\queueing\system\CodeIgniter.php(507): CodeIgniter\CodeIgniter->runController(Object(App\Controllers\Window))
#11 C:\xampp\htdocs\queueing\system\CodeIgniter.php(354): CodeIgniter\CodeIgniter->handleRequest(NULL, Object(Config\Cache), false)
#12 C:\xampp\htdocs\queueing\system\Boot.php(363): CodeIgniter\CodeIgniter->run()
#13 C:\xampp\htdocs\queueing\system\Boot.php(68): CodeIgniter\Boot::runCodeIgniter(Object(CodeIgniter\CodeIgniter))
#14 C:\xampp\htdocs\queueing\public\index.php(59): CodeIgniter\Boot::bootWeb(Object(Config\Paths))
#15 {main}
CRITICAL - 2026-03-23 09:22:28 --> CodeIgniter\Database\Exceptions\DataException: There is no data to update.
[Method: POST, Route: window/callNext/1]
in SYSTEMPATH\BaseModel.php on line 1823.
 1 SYSTEMPATH\BaseModel.php(1823): CodeIgniter\Database\Exceptions\DataException::forEmptyDataset('update')
 2 SYSTEMPATH\BaseModel.php(994): CodeIgniter\BaseModel->transformDataToArray(null, 'update')
 3 SYSTEMPATH\Model.php(860): CodeIgniter\BaseModel->update([...], null)
 4 APPPATH\Models\CustomerRecordsModel.php(171): CodeIgniter\Model->update([...])
 5 APPPATH\Controllers\Window.php(93): App\Models\CustomerRecordsModel->updateCustomerStatus('BREQS20260323-002', 'completed')
 6 SYSTEMPATH\CodeIgniter.php(933): App\Controllers\Window->callNext('1')
 7 SYSTEMPATH\CodeIgniter.php(507): CodeIgniter\CodeIgniter->runController(Object(App\Controllers\Window))
 8 SYSTEMPATH\CodeIgniter.php(354): CodeIgniter\CodeIgniter->handleRequest(null, Object(Config\Cache), false)
 9 SYSTEMPATH\Boot.php(363): CodeIgniter\CodeIgniter->run()
10 SYSTEMPATH\Boot.php(68): CodeIgniter\Boot::runCodeIgniter(Object(CodeIgniter\CodeIgniter))
11 FCPATH\index.php(59): CodeIgniter\Boot::bootWeb(Object(Config\Paths))
ERROR - 2026-03-23 09:22:37 --> mysqli_sql_exception: Duplicate entry 'BREQS20260323-003' for key 'transaction_number' in C:\xampp\htdocs\queueing\system\Database\MySQLi\Connection.php:327
Stack trace:
#0 C:\xampp\htdocs\queueing\system\Database\MySQLi\Connection.php(327): mysqli->query('INSERT INTO `cu...', 0)
#1 C:\xampp\htdocs\queueing\system\Database\BaseConnection.php(729): CodeIgniter\Database\MySQLi\Connection->execute('INSERT INTO `cu...')
#2 C:\xampp\htdocs\queueing\system\Database\BaseConnection.php(646): CodeIgniter\Database\BaseConnection->simpleQuery('INSERT INTO `cu...')
#3 C:\xampp\htdocs\queueing\system\Database\BaseBuilder.php(2345): CodeIgniter\Database\BaseConnection->query('INSERT INTO `cu...', Array, false)
#4 C:\xampp\htdocs\queueing\system\Model.php(394): CodeIgniter\Database\BaseBuilder->insert()
#5 C:\xampp\htdocs\queueing\system\BaseModel.php(838): CodeIgniter\Model->doInsert(Array)
#6 C:\xampp\htdocs\queueing\system\Model.php(797): CodeIgniter\BaseModel->insert(Array, true)
#7 C:\xampp\htdocs\queueing\app\Models\CustomerRecordsModel.php(125): CodeIgniter\Model->insert(Array)
#8 C:\xampp\htdocs\queueing\app\Controllers\Window.php(303): App\Models\CustomerRecordsModel->createCustomerRecord(Array)
#9 C:\xampp\htdocs\queueing\system\CodeIgniter.php(933): App\Controllers\Window->saveCustomer()
#10 C:\xampp\htdocs\queueing\system\CodeIgniter.php(507): CodeIgniter\CodeIgniter->runController(Object(App\Controllers\Window))
#11 C:\xampp\htdocs\queueing\system\CodeIgniter.php(354): CodeIgniter\CodeIgniter->handleRequest(NULL, Object(Config\Cache), false)
#12 C:\xampp\htdocs\queueing\system\Boot.php(363): CodeIgniter\CodeIgniter->run()
#13 C:\xampp\htdocs\queueing\system\Boot.php(68): CodeIgniter\Boot::runCodeIgniter(Object(CodeIgniter\CodeIgniter))
#14 C:\xampp\htdocs\queueing\public\index.php(59): CodeIgniter\Boot::bootWeb(Object(Config\Paths))
#15 {main}
CRITICAL - 2026-03-23 09:24:59 --> CodeIgniter\Database\Exceptions\DataException: There is no data to update.
[Method: POST, Route: window/callNext/1]
in SYSTEMPATH\BaseModel.php on line 1823.
 1 SYSTEMPATH\BaseModel.php(1823): CodeIgniter\Database\Exceptions\DataException::forEmptyDataset('update')
 2 SYSTEMPATH\BaseModel.php(994): CodeIgniter\BaseModel->transformDataToArray(null, 'update')
 3 SYSTEMPATH\Model.php(860): CodeIgniter\BaseModel->update([...], null)
 4 APPPATH\Models\CustomerRecordsModel.php(171): CodeIgniter\Model->update([...])
 5 APPPATH\Controllers\Window.php(93): App\Models\CustomerRecordsModel->updateCustomerStatus('BREQS20260323-003', 'completed')
 6 SYSTEMPATH\CodeIgniter.php(933): App\Controllers\Window->callNext('1')
 7 SYSTEMPATH\CodeIgniter.php(507): CodeIgniter\CodeIgniter->runController(Object(App\Controllers\Window))
 8 SYSTEMPATH\CodeIgniter.php(354): CodeIgniter\CodeIgniter->handleRequest(null, Object(Config\Cache), false)
 9 SYSTEMPATH\Boot.php(363): CodeIgniter\CodeIgniter->run()
10 SYSTEMPATH\Boot.php(68): CodeIgniter\Boot::runCodeIgniter(Object(CodeIgniter\CodeIgniter))
11 FCPATH\index.php(59): CodeIgniter\Boot::bootWeb(Object(Config\Paths))
CRITICAL - 2026-03-23 09:25:19 --> CodeIgniter\Database\Exceptions\DataException: There is no data to update.
[Method: POST, Route: window/callNext/1]
in SYSTEMPATH\BaseModel.php on line 1823.
 1 SYSTEMPATH\BaseModel.php(1823): CodeIgniter\Database\Exceptions\DataException::forEmptyDataset('update')
 2 SYSTEMPATH\BaseModel.php(994): CodeIgniter\BaseModel->transformDataToArray(null, 'update')
 3 SYSTEMPATH\Model.php(860): CodeIgniter\BaseModel->update([...], null)
 4 APPPATH\Models\CustomerRecordsModel.php(171): CodeIgniter\Model->update([...])
 5 APPPATH\Controllers\Window.php(93): App\Models\CustomerRecordsModel->updateCustomerStatus('BREQS20260323-004', 'completed')
 6 SYSTEMPATH\CodeIgniter.php(933): App\Controllers\Window->callNext('1')
 7 SYSTEMPATH\CodeIgniter.php(507): CodeIgniter\CodeIgniter->runController(Object(App\Controllers\Window))
 8 SYSTEMPATH\CodeIgniter.php(354): CodeIgniter\CodeIgniter->handleRequest(null, Object(Config\Cache), false)
 9 SYSTEMPATH\Boot.php(363): CodeIgniter\CodeIgniter->run()
10 SYSTEMPATH\Boot.php(68): CodeIgniter\Boot::runCodeIgniter(Object(CodeIgniter\CodeIgniter))
11 FCPATH\index.php(59): CodeIgniter\Boot::bootWeb(Object(Config\Paths))
CRITICAL - 2026-03-23 09:41:32 --> CodeIgniter\Database\Exceptions\DataException: There is no data to update.
[Method: POST, Route: window/callNext/1]
in SYSTEMPATH\BaseModel.php on line 1823.
 1 SYSTEMPATH\BaseModel.php(1823): CodeIgniter\Database\Exceptions\DataException::forEmptyDataset('update')
 2 SYSTEMPATH\BaseModel.php(994): CodeIgniter\BaseModel->transformDataToArray(null, 'update')
 3 SYSTEMPATH\Model.php(860): CodeIgniter\BaseModel->update([...], null)
 4 APPPATH\Models\CustomerRecordsModel.php(184): CodeIgniter\Model->update([...])
 5 APPPATH\Controllers\Window.php(94): App\Models\CustomerRecordsModel->updateCustomerStatus('BREQS20260323-005', 'completed')
 6 SYSTEMPATH\CodeIgniter.php(933): App\Controllers\Window->callNext('1')
 7 SYSTEMPATH\CodeIgniter.php(507): CodeIgniter\CodeIgniter->runController(Object(App\Controllers\Window))
 8 SYSTEMPATH\CodeIgniter.php(354): CodeIgniter\CodeIgniter->handleRequest(null, Object(Config\Cache), false)
 9 SYSTEMPATH\Boot.php(363): CodeIgniter\CodeIgniter->run()
10 SYSTEMPATH\Boot.php(68): CodeIgniter\Boot::runCodeIgniter(Object(CodeIgniter\CodeIgniter))
11 FCPATH\index.php(59): CodeIgniter\Boot::bootWeb(Object(Config\Paths))
CRITICAL - 2026-03-23 09:55:20 --> CodeIgniter\Database\Exceptions\DataException: There is no data to update.
[Method: POST, Route: window/skip/6]
in SYSTEMPATH\BaseModel.php on line 1823.
 1 SYSTEMPATH\BaseModel.php(1823): CodeIgniter\Database\Exceptions\DataException::forEmptyDataset('update')
 2 SYSTEMPATH\BaseModel.php(994): CodeIgniter\BaseModel->transformDataToArray(null, 'update')
 3 SYSTEMPATH\Model.php(860): CodeIgniter\BaseModel->update([...], null)
 4 APPPATH\Models\CustomerRecordsModel.php(184): CodeIgniter\Model->update([...])
 5 APPPATH\Controllers\Window.php(200): App\Models\CustomerRecordsModel->updateCustomerStatus('BREQS20260323-006', 'skipped')
 6 SYSTEMPATH\CodeIgniter.php(933): App\Controllers\Window->skip('6')
 7 SYSTEMPATH\CodeIgniter.php(507): CodeIgniter\CodeIgniter->runController(Object(App\Controllers\Window))
 8 SYSTEMPATH\CodeIgniter.php(354): CodeIgniter\CodeIgniter->handleRequest(null, Object(Config\Cache), false)
 9 SYSTEMPATH\Boot.php(363): CodeIgniter\CodeIgniter->run()
10 SYSTEMPATH\Boot.php(68): CodeIgniter\Boot::runCodeIgniter(Object(CodeIgniter\CodeIgniter))
11 FCPATH\index.php(59): CodeIgniter\Boot::bootWeb(Object(Config\Paths))
CRITICAL - 2026-03-23 09:55:45 --> CodeIgniter\Database\Exceptions\DataException: There is no data to update.
[Method: POST, Route: window/callNext/1]
in SYSTEMPATH\BaseModel.php on line 1823.
 1 SYSTEMPATH\BaseModel.php(1823): CodeIgniter\Database\Exceptions\DataException::forEmptyDataset('update')
 2 SYSTEMPATH\BaseModel.php(994): CodeIgniter\BaseModel->transformDataToArray(null, 'update')
 3 SYSTEMPATH\Model.php(860): CodeIgniter\BaseModel->update([...], null)
 4 APPPATH\Models\CustomerRecordsModel.php(184): CodeIgniter\Model->update([...])
 5 APPPATH\Controllers\Window.php(98): App\Models\CustomerRecordsModel->updateCustomerStatus('BREQS20260323-007', 'completed')
 6 SYSTEMPATH\CodeIgniter.php(933): App\Controllers\Window->callNext('1')
 7 SYSTEMPATH\CodeIgniter.php(507): CodeIgniter\CodeIgniter->runController(Object(App\Controllers\Window))
 8 SYSTEMPATH\CodeIgniter.php(354): CodeIgniter\CodeIgniter->handleRequest(null, Object(Config\Cache), false)
 9 SYSTEMPATH\Boot.php(363): CodeIgniter\CodeIgniter->run()
10 SYSTEMPATH\Boot.php(68): CodeIgniter\Boot::runCodeIgniter(Object(CodeIgniter\CodeIgniter))
11 FCPATH\index.php(59): CodeIgniter\Boot::bootWeb(Object(Config\Paths))
CRITICAL - 2026-03-23 10:22:33 --> CodeIgniter\Database\Exceptions\DataException: There is no data to update.
[Method: POST, Route: window/callNext/1]
in SYSTEMPATH\BaseModel.php on line 1823.
 1 SYSTEMPATH\BaseModel.php(1823): CodeIgniter\Database\Exceptions\DataException::forEmptyDataset('update')
 2 SYSTEMPATH\BaseModel.php(994): CodeIgniter\BaseModel->transformDataToArray(null, 'update')
 3 SYSTEMPATH\Model.php(860): CodeIgniter\BaseModel->update([...], null)
 4 APPPATH\Models\CustomerRecordsModel.php(185): CodeIgniter\Model->update([...])
 5 APPPATH\Controllers\Window.php(98): App\Models\CustomerRecordsModel->updateCustomerStatus('BREQS20260323-008', 'completed')
 6 SYSTEMPATH\CodeIgniter.php(933): App\Controllers\Window->callNext('1')
 7 SYSTEMPATH\CodeIgniter.php(507): CodeIgniter\CodeIgniter->runController(Object(App\Controllers\Window))
 8 SYSTEMPATH\CodeIgniter.php(354): CodeIgniter\CodeIgniter->handleRequest(null, Object(Config\Cache), false)
 9 SYSTEMPATH\Boot.php(363): CodeIgniter\CodeIgniter->run()
10 SYSTEMPATH\Boot.php(68): CodeIgniter\Boot::runCodeIgniter(Object(CodeIgniter\CodeIgniter))
11 FCPATH\index.php(59): CodeIgniter\Boot::bootWeb(Object(Config\Paths))
ERROR - 2026-03-23 10:23:55 --> mysqli_sql_exception: Table 'queueing_system.windows' doesn't exist in C:\xampp\htdocs\queueing\system\Database\MySQLi\Connection.php:327
Stack trace:
#0 C:\xampp\htdocs\queueing\system\Database\MySQLi\Connection.php(327): mysqli->query('SELECT *\nFROM `...', 0)
#1 C:\xampp\htdocs\queueing\system\Database\BaseConnection.php(729): CodeIgniter\Database\MySQLi\Connection->execute('SELECT *\nFROM `...')
#2 C:\xampp\htdocs\queueing\system\Database\BaseConnection.php(646): CodeIgniter\Database\BaseConnection->simpleQuery('SELECT *\nFROM `...')
#3 C:\xampp\htdocs\queueing\system\Database\BaseBuilder.php(1649): CodeIgniter\Database\BaseConnection->query('SELECT *\nFROM `...', Array, false)
#4 C:\xampp\htdocs\queueing\system\Model.php(210): CodeIgniter\Database\BaseBuilder->get()
#5 C:\xampp\htdocs\queueing\system\BaseModel.php(611): CodeIgniter\Model->doFind(true, '1')
#6 C:\xampp\htdocs\queueing\app\Controllers\Window.php(225): CodeIgniter\BaseModel->find('1')
#7 C:\xampp\htdocs\queueing\system\CodeIgniter.php(933): App\Controllers\Window->getData('1')
#8 C:\xampp\htdocs\queueing\system\CodeIgniter.php(507): CodeIgniter\CodeIgniter->runController(Object(App\Controllers\Window))
#9 C:\xampp\htdocs\queueing\system\CodeIgniter.php(354): CodeIgniter\CodeIgniter->handleRequest(NULL, Object(Config\Cache), false)
#10 C:\xampp\htdocs\queueing\system\Boot.php(363): CodeIgniter\CodeIgniter->run()
#11 C:\xampp\htdocs\queueing\system\Boot.php(68): CodeIgniter\Boot::runCodeIgniter(Object(CodeIgniter\CodeIgniter))
#12 C:\xampp\htdocs\queueing\public\index.php(59): CodeIgniter\Boot::bootWeb(Object(Config\Paths))
#13 {main}
CRITICAL - 2026-03-23 10:23:55 --> CodeIgniter\Database\Exceptions\DatabaseException: Table 'queueing_system.windows' doesn't exist
[Method: GET, Route: window/data/1]
in SYSTEMPATH\Database\BaseConnection.php on line 684.
 1 SYSTEMPATH\Database\BaseBuilder.php(1649): CodeIgniter\Database\BaseConnection->query('SELECT *
FROM `windows`
WHERE `windows`.`id` = :windows.id:', [...], false)
 2 SYSTEMPATH\Model.php(210): CodeIgniter\Database\BaseBuilder->get()
 3 SYSTEMPATH\BaseModel.php(611): CodeIgniter\Model->doFind(true, '1')
 4 APPPATH\Controllers\Window.php(225): CodeIgniter\BaseModel->find('1')
 5 SYSTEMPATH\CodeIgniter.php(933): App\Controllers\Window->getData('1')
 6 SYSTEMPATH\CodeIgniter.php(507): CodeIgniter\CodeIgniter->runController(Object(App\Controllers\Window))
 7 SYSTEMPATH\CodeIgniter.php(354): CodeIgniter\CodeIgniter->handleRequest(null, Object(Config\Cache), false)
 8 SYSTEMPATH\Boot.php(363): CodeIgniter\CodeIgniter->run()
 9 SYSTEMPATH\Boot.php(68): CodeIgniter\Boot::runCodeIgniter(Object(CodeIgniter\CodeIgniter))
10 FCPATH\index.php(59): CodeIgniter\Boot::bootWeb(Object(Config\Paths))
CRITICAL - 2026-03-23 10:23:55 --> [Caused by] CodeIgniter\Database\Exceptions\DatabaseException: Table 'queueing_system.windows' doesn't exist
in SYSTEMPATH\Database\MySQLi\Connection.php on line 332.
 1 SYSTEMPATH\Database\BaseConnection.php(729): CodeIgniter\Database\MySQLi\Connection->execute('SELECT *
FROM `windows`
WHERE `windows`.`id` = \'1\'')
 2 SYSTEMPATH\Database\BaseConnection.php(646): CodeIgniter\Database\BaseConnection->simpleQuery('SELECT *
FROM `windows`
WHERE `windows`.`id` = \'1\'')
 3 SYSTEMPATH\Database\BaseBuilder.php(1649): CodeIgniter\Database\BaseConnection->query('SELECT *
FROM `windows`
WHERE `windows`.`id` = :windows.id:', [...], false)
 4 SYSTEMPATH\Model.php(210): CodeIgniter\Database\BaseBuilder->get()
 5 SYSTEMPATH\BaseModel.php(611): CodeIgniter\Model->doFind(true, '1')
 6 APPPATH\Controllers\Window.php(225): CodeIgniter\BaseModel->find('1')
 7 SYSTEMPATH\CodeIgniter.php(933): App\Controllers\Window->getData('1')
 8 SYSTEMPATH\CodeIgniter.php(507): CodeIgniter\CodeIgniter->runController(Object(App\Controllers\Window))
 9 SYSTEMPATH\CodeIgniter.php(354): CodeIgniter\CodeIgniter->handleRequest(null, Object(Config\Cache), false)
10 SYSTEMPATH\Boot.php(363): CodeIgniter\CodeIgniter->run()
11 SYSTEMPATH\Boot.php(68): CodeIgniter\Boot::runCodeIgniter(Object(CodeIgniter\CodeIgniter))
12 FCPATH\index.php(59): CodeIgniter\Boot::bootWeb(Object(Config\Paths))
CRITICAL - 2026-03-23 10:23:55 --> [Caused by] mysqli_sql_exception: Table 'queueing_system.windows' doesn't exist
in SYSTEMPATH\Database\MySQLi\Connection.php on line 327.
 1 SYSTEMPATH\Database\MySQLi\Connection.php(327): mysqli->query('SELECT *
FROM `windows`
WHERE `windows`.`id` = \'1\'', 0)
 2 SYSTEMPATH\Database\BaseConnection.php(729): CodeIgniter\Database\MySQLi\Connection->execute('SELECT *
FROM `windows`
WHERE `windows`.`id` = \'1\'')
 3 SYSTEMPATH\Database\BaseConnection.php(646): CodeIgniter\Database\BaseConnection->simpleQuery('SELECT *
FROM `windows`
WHERE `windows`.`id` = \'1\'')
 4 SYSTEMPATH\Database\BaseBuilder.php(1649): CodeIgniter\Database\BaseConnection->query('SELECT *
FROM `windows`
WHERE `windows`.`id` = :windows.id:', [...], false)
 5 SYSTEMPATH\Model.php(210): CodeIgniter\Database\BaseBuilder->get()
 6 SYSTEMPATH\BaseModel.php(611): CodeIgniter\Model->doFind(true, '1')
 7 APPPATH\Controllers\Window.php(225): CodeIgniter\BaseModel->find('1')
 8 SYSTEMPATH\CodeIgniter.php(933): App\Controllers\Window->getData('1')
 9 SYSTEMPATH\CodeIgniter.php(507): CodeIgniter\CodeIgniter->runController(Object(App\Controllers\Window))
10 SYSTEMPATH\CodeIgniter.php(354): CodeIgniter\CodeIgniter->handleRequest(null, Object(Config\Cache), false)
11 SYSTEMPATH\Boot.php(363): CodeIgniter\CodeIgniter->run()
12 SYSTEMPATH\Boot.php(68): CodeIgniter\Boot::runCodeIgniter(Object(CodeIgniter\CodeIgniter))
13 FCPATH\index.php(59): CodeIgniter\Boot::bootWeb(Object(Config\Paths))
ERROR - 2026-03-23 10:23:57 --> mysqli_sql_exception: Table 'queueing_system.windows' doesn't exist in C:\xampp\htdocs\queueing\system\Database\MySQLi\Connection.php:327
Stack trace:
#0 C:\xampp\htdocs\queueing\system\Database\MySQLi\Connection.php(327): mysqli->query('SELECT *\nFROM `...', 0)
#1 C:\xampp\htdocs\queueing\system\Database\BaseConnection.php(729): CodeIgniter\Database\MySQLi\Connection->execute('SELECT *\nFROM `...')
#2 C:\xampp\htdocs\queueing\system\Database\BaseConnection.php(646): CodeIgniter\Database\BaseConnection->simpleQuery('SELECT *\nFROM `...')
#3 C:\xampp\htdocs\queueing\system\Database\BaseBuilder.php(1649): CodeIgniter\Database\BaseConnection->query('SELECT *\nFROM `...', Array, false)
#4 C:\xampp\htdocs\queueing\system\Model.php(210): CodeIgniter\Database\BaseBuilder->get()
#5 C:\xampp\htdocs\queueing\system\BaseModel.php(611): CodeIgniter\Model->doFind(true, '1')
#6 C:\xampp\htdocs\queueing\app\Controllers\Window.php(225): CodeIgniter\BaseModel->find('1')
#7 C:\xampp\htdocs\queueing\system\CodeIgniter.php(933): App\Controllers\Window->getData('1')
#8 C:\xampp\htdocs\queueing\system\CodeIgniter.php(507): CodeIgniter\CodeIgniter->runController(Object(App\Controllers\Window))
#9 C:\xampp\htdocs\queueing\system\CodeIgniter.php(354): CodeIgniter\CodeIgniter->handleRequest(NULL, Object(Config\Cache), false)
#10 C:\xampp\htdocs\queueing\system\Boot.php(363): CodeIgniter\CodeIgniter->run()
#11 C:\xampp\htdocs\queueing\system\Boot.php(68): CodeIgniter\Boot::runCodeIgniter(Object(CodeIgniter\CodeIgniter))
#12 C:\xampp\htdocs\queueing\public\index.php(59): CodeIgniter\Boot::bootWeb(Object(Config\Paths))
#13 {main}
CRITICAL - 2026-03-23 10:23:57 --> CodeIgniter\Database\Exceptions\DatabaseException: Table 'queueing_system.windows' doesn't exist
[Method: GET, Route: window/data/1]
in SYSTEMPATH\Database\BaseConnection.php on line 684.
 1 SYSTEMPATH\Database\BaseBuilder.php(1649): CodeIgniter\Database\BaseConnection->query('SELECT *
FROM `windows`
WHERE `windows`.`id` = :windows.id:', [...], false)
 2 SYSTEMPATH\Model.php(210): CodeIgniter\Database\BaseBuilder->get()
 3 SYSTEMPATH\BaseModel.php(611): CodeIgniter\Model->doFind(true, '1')
 4 APPPATH\Controllers\Window.php(225): CodeIgniter\BaseModel->find('1')
 5 SYSTEMPATH\CodeIgniter.php(933): App\Controllers\Window->getData('1')
 6 SYSTEMPATH\CodeIgniter.php(507): CodeIgniter\CodeIgniter->runController(Object(App\Controllers\Window))
 7 SYSTEMPATH\CodeIgniter.php(354): CodeIgniter\CodeIgniter->handleRequest(null, Object(Config\Cache), false)
 8 SYSTEMPATH\Boot.php(363): CodeIgniter\CodeIgniter->run()
 9 SYSTEMPATH\Boot.php(68): CodeIgniter\Boot::runCodeIgniter(Object(CodeIgniter\CodeIgniter))
10 FCPATH\index.php(59): CodeIgniter\Boot::bootWeb(Object(Config\Paths))
CRITICAL - 2026-03-23 10:23:57 --> [Caused by] CodeIgniter\Database\Exceptions\DatabaseException: Table 'queueing_system.windows' doesn't exist
in SYSTEMPATH\Database\MySQLi\Connection.php on line 332.
 1 SYSTEMPATH\Database\BaseConnection.php(729): CodeIgniter\Database\MySQLi\Connection->execute('SELECT *
FROM `windows`
WHERE `windows`.`id` = \'1\'')
 2 SYSTEMPATH\Database\BaseConnection.php(646): CodeIgniter\Database\BaseConnection->simpleQuery('SELECT *
FROM `windows`
WHERE `windows`.`id` = \'1\'')
 3 SYSTEMPATH\Database\BaseBuilder.php(1649): CodeIgniter\Database\BaseConnection->query('SELECT *
FROM `windows`
WHERE `windows`.`id` = :windows.id:', [...], false)
 4 SYSTEMPATH\Model.php(210): CodeIgniter\Database\BaseBuilder->get()
 5 SYSTEMPATH\BaseModel.php(611): CodeIgniter\Model->doFind(true, '1')
 6 APPPATH\Controllers\Window.php(225): CodeIgniter\BaseModel->find('1')
 7 SYSTEMPATH\CodeIgniter.php(933): App\Controllers\Window->getData('1')
 8 SYSTEMPATH\CodeIgniter.php(507): CodeIgniter\CodeIgniter->runController(Object(App\Controllers\Window))
 9 SYSTEMPATH\CodeIgniter.php(354): CodeIgniter\CodeIgniter->handleRequest(null, Object(Config\Cache), false)
10 SYSTEMPATH\Boot.php(363): CodeIgniter\CodeIgniter->run()
11 SYSTEMPATH\Boot.php(68): CodeIgniter\Boot::runCodeIgniter(Object(CodeIgniter\CodeIgniter))
12 FCPATH\index.php(59): CodeIgniter\Boot::bootWeb(Object(Config\Paths))
CRITICAL - 2026-03-23 10:23:57 --> [Caused by] mysqli_sql_exception: Table 'queueing_system.windows' doesn't exist
in SYSTEMPATH\Database\MySQLi\Connection.php on line 327.
 1 SYSTEMPATH\Database\MySQLi\Connection.php(327): mysqli->query('SELECT *
FROM `windows`
WHERE `windows`.`id` = \'1\'', 0)
 2 SYSTEMPATH\Database\BaseConnection.php(729): CodeIgniter\Database\MySQLi\Connection->execute('SELECT *
FROM `windows`
WHERE `windows`.`id` = \'1\'')
 3 SYSTEMPATH\Database\BaseConnection.php(646): CodeIgniter\Database\BaseConnection->simpleQuery('SELECT *
FROM `windows`
WHERE `windows`.`id` = \'1\'')
 4 SYSTEMPATH\Database\BaseBuilder.php(1649): CodeIgniter\Database\BaseConnection->query('SELECT *
FROM `windows`
WHERE `windows`.`id` = :windows.id:', [...], false)
 5 SYSTEMPATH\Model.php(210): CodeIgniter\Database\BaseBuilder->get()
 6 SYSTEMPATH\BaseModel.php(611): CodeIgniter\Model->doFind(true, '1')
 7 APPPATH\Controllers\Window.php(225): CodeIgniter\BaseModel->find('1')
 8 SYSTEMPATH\CodeIgniter.php(933): App\Controllers\Window->getData('1')
 9 SYSTEMPATH\CodeIgniter.php(507): CodeIgniter\CodeIgniter->runController(Object(App\Controllers\Window))
10 SYSTEMPATH\CodeIgniter.php(354): CodeIgniter\CodeIgniter->handleRequest(null, Object(Config\Cache), false)
11 SYSTEMPATH\Boot.php(363): CodeIgniter\CodeIgniter->run()
12 SYSTEMPATH\Boot.php(68): CodeIgniter\Boot::runCodeIgniter(Object(CodeIgniter\CodeIgniter))
13 FCPATH\index.php(59): CodeIgniter\Boot::bootWeb(Object(Config\Paths))
ERROR - 2026-03-23 10:23:59 --> mysqli_sql_exception: Table 'queueing_system.windows' doesn't exist in C:\xampp\htdocs\queueing\system\Database\MySQLi\Connection.php:327
Stack trace:
#0 C:\xampp\htdocs\queueing\system\Database\MySQLi\Connection.php(327): mysqli->query('SELECT *\nFROM `...', 0)
#1 C:\xampp\htdocs\queueing\system\Database\BaseConnection.php(729): CodeIgniter\Database\MySQLi\Connection->execute('SELECT *\nFROM `...')
#2 C:\xampp\htdocs\queueing\system\Database\BaseConnection.php(646): CodeIgniter\Database\BaseConnection->simpleQuery('SELECT *\nFROM `...')
#3 C:\xampp\htdocs\queueing\system\Database\BaseBuilder.php(1649): CodeIgniter\Database\BaseConnection->query('SELECT *\nFROM `...', Array, false)
#4 C:\xampp\htdocs\queueing\system\Model.php(210): CodeIgniter\Database\BaseBuilder->get()
#5 C:\xampp\htdocs\queueing\system\BaseModel.php(611): CodeIgniter\Model->doFind(true, '1')
#6 C:\xampp\htdocs\queueing\app\Controllers\Window.php(225): CodeIgniter\BaseModel->find('1')
#7 C:\xampp\htdocs\queueing\system\CodeIgniter.php(933): App\Controllers\Window->getData('1')
#8 C:\xampp\htdocs\queueing\system\CodeIgniter.php(507): CodeIgniter\CodeIgniter->runController(Object(App\Controllers\Window))
#9 C:\xampp\htdocs\queueing\system\CodeIgniter.php(354): CodeIgniter\CodeIgniter->handleRequest(NULL, Object(Config\Cache), false)
#10 C:\xampp\htdocs\queueing\system\Boot.php(363): CodeIgniter\CodeIgniter->run()
#11 C:\xampp\htdocs\queueing\system\Boot.php(68): CodeIgniter\Boot::runCodeIgniter(Object(CodeIgniter\CodeIgniter))
#12 C:\xampp\htdocs\queueing\public\index.php(59): CodeIgniter\Boot::bootWeb(Object(Config\Paths))
#13 {main}
CRITICAL - 2026-03-23 10:23:59 --> CodeIgniter\Database\Exceptions\DatabaseException: Table 'queueing_system.windows' doesn't exist
[Method: GET, Route: window/data/1]
in SYSTEMPATH\Database\BaseConnection.php on line 684.
 1 SYSTEMPATH\Database\BaseBuilder.php(1649): CodeIgniter\Database\BaseConnection->query('SELECT *
FROM `windows`
WHERE `windows`.`id` = :windows.id:', [...], false)
 2 SYSTEMPATH\Model.php(210): CodeIgniter\Database\BaseBuilder->get()
 3 SYSTEMPATH\BaseModel.php(611): CodeIgniter\Model->doFind(true, '1')
 4 APPPATH\Controllers\Window.php(225): CodeIgniter\BaseModel->find('1')
 5 SYSTEMPATH\CodeIgniter.php(933): App\Controllers\Window->getData('1')
 6 SYSTEMPATH\CodeIgniter.php(507): CodeIgniter\CodeIgniter->runController(Object(App\Controllers\Window))
 7 SYSTEMPATH\CodeIgniter.php(354): CodeIgniter\CodeIgniter->handleRequest(null, Object(Config\Cache), false)
 8 SYSTEMPATH\Boot.php(363): CodeIgniter\CodeIgniter->run()
 9 SYSTEMPATH\Boot.php(68): CodeIgniter\Boot::runCodeIgniter(Object(CodeIgniter\CodeIgniter))
10 FCPATH\index.php(59): CodeIgniter\Boot::bootWeb(Object(Config\Paths))
CRITICAL - 2026-03-23 10:23:59 --> [Caused by] CodeIgniter\Database\Exceptions\DatabaseException: Table 'queueing_system.windows' doesn't exist
in SYSTEMPATH\Database\MySQLi\Connection.php on line 332.
 1 SYSTEMPATH\Database\BaseConnection.php(729): CodeIgniter\Database\MySQLi\Connection->execute('SELECT *
FROM `windows`
WHERE `windows`.`id` = \'1\'')
 2 SYSTEMPATH\Database\BaseConnection.php(646): CodeIgniter\Database\BaseConnection->simpleQuery('SELECT *
FROM `windows`
WHERE `windows`.`id` = \'1\'')
 3 SYSTEMPATH\Database\BaseBuilder.php(1649): CodeIgniter\Database\BaseConnection->query('SELECT *
FROM `windows`
WHERE `windows`.`id` = :windows.id:', [...], false)
 4 SYSTEMPATH\Model.php(210): CodeIgniter\Database\BaseBuilder->get()
 5 SYSTEMPATH\BaseModel.php(611): CodeIgniter\Model->doFind(true, '1')
 6 APPPATH\Controllers\Window.php(225): CodeIgniter\BaseModel->find('1')
 7 SYSTEMPATH\CodeIgniter.php(933): App\Controllers\Window->getData('1')
 8 SYSTEMPATH\CodeIgniter.php(507): CodeIgniter\CodeIgniter->runController(Object(App\Controllers\Window))
 9 SYSTEMPATH\CodeIgniter.php(354): CodeIgniter\CodeIgniter->handleRequest(null, Object(Config\Cache), false)
10 SYSTEMPATH\Boot.php(363): CodeIgniter\CodeIgniter->run()
11 SYSTEMPATH\Boot.php(68): CodeIgniter\Boot::runCodeIgniter(Object(CodeIgniter\CodeIgniter))
12 FCPATH\index.php(59): CodeIgniter\Boot::bootWeb(Object(Config\Paths))
CRITICAL - 2026-03-23 10:23:59 --> [Caused by] mysqli_sql_exception: Table 'queueing_system.windows' doesn't exist
in SYSTEMPATH\Database\MySQLi\Connection.php on line 327.
 1 SYSTEMPATH\Database\MySQLi\Connection.php(327): mysqli->query('SELECT *
FROM `windows`
WHERE `windows`.`id` = \'1\'', 0)
 2 SYSTEMPATH\Database\BaseConnection.php(729): CodeIgniter\Database\MySQLi\Connection->execute('SELECT *
FROM `windows`
WHERE `windows`.`id` = \'1\'')
 3 SYSTEMPATH\Database\BaseConnection.php(646): CodeIgniter\Database\BaseConnection->simpleQuery('SELECT *
FROM `windows`
WHERE `windows`.`id` = \'1\'')
 4 SYSTEMPATH\Database\BaseBuilder.php(1649): CodeIgniter\Database\BaseConnection->query('SELECT *
FROM `windows`
WHERE `windows`.`id` = :windows.id:', [...], false)
 5 SYSTEMPATH\Model.php(210): CodeIgniter\Database\BaseBuilder->get()
 6 SYSTEMPATH\BaseModel.php(611): CodeIgniter\Model->doFind(true, '1')
 7 APPPATH\Controllers\Window.php(225): CodeIgniter\BaseModel->find('1')
 8 SYSTEMPATH\CodeIgniter.php(933): App\Controllers\Window->getData('1')
 9 SYSTEMPATH\CodeIgniter.php(507): CodeIgniter\CodeIgniter->runController(Object(App\Controllers\Window))
10 SYSTEMPATH\CodeIgniter.php(354): CodeIgniter\CodeIgniter->handleRequest(null, Object(Config\Cache), false)
11 SYSTEMPATH\Boot.php(363): CodeIgniter\CodeIgniter->run()
12 SYSTEMPATH\Boot.php(68): CodeIgniter\Boot::runCodeIgniter(Object(CodeIgniter\CodeIgniter))
13 FCPATH\index.php(59): CodeIgniter\Boot::bootWeb(Object(Config\Paths))
ERROR - 2026-03-23 10:32:57 --> mysqli_sql_exception: Unknown column 'ticket_number' in 'where clause' in C:\xampp\htdocs\queueing\system\Database\MySQLi\Connection.php:327
Stack trace:
#0 C:\xampp\htdocs\queueing\system\Database\MySQLi\Connection.php(327): mysqli->query('SELECT *\nFROM `...', 0)
#1 C:\xampp\htdocs\queueing\system\Database\BaseConnection.php(729): CodeIgniter\Database\MySQLi\Connection->execute('SELECT *\nFROM `...')
#2 C:\xampp\htdocs\queueing\system\Database\BaseConnection.php(646): CodeIgniter\Database\BaseConnection->simpleQuery('SELECT *\nFROM `...')
#3 C:\xampp\htdocs\queueing\system\Database\BaseBuilder.php(1649): CodeIgniter\Database\BaseConnection->query('SELECT *\nFROM `...', Array, false)
#4 C:\xampp\htdocs\queueing\system\Model.php(330): CodeIgniter\Database\BaseBuilder->get()
#5 C:\xampp\htdocs\queueing\system\BaseModel.php(715): CodeIgniter\Model->doFirst()
#6 C:\xampp\htdocs\queueing\app\Controllers\Window.php(289): CodeIgniter\BaseModel->first()
#7 C:\xampp\htdocs\queueing\system\CodeIgniter.php(933): App\Controllers\Window->saveCustomer()
#8 C:\xampp\htdocs\queueing\system\CodeIgniter.php(507): CodeIgniter\CodeIgniter->runController(Object(App\Controllers\Window))
#9 C:\xampp\htdocs\queueing\system\CodeIgniter.php(354): CodeIgniter\CodeIgniter->handleRequest(NULL, Object(Config\Cache), false)
#10 C:\xampp\htdocs\queueing\system\Boot.php(363): CodeIgniter\CodeIgniter->run()
#11 C:\xampp\htdocs\queueing\system\Boot.php(68): CodeIgniter\Boot::runCodeIgniter(Object(CodeIgniter\CodeIgniter))
#12 C:\xampp\htdocs\queueing\public\index.php(59): CodeIgniter\Boot::bootWeb(Object(Config\Paths))
#13 {main}
CRITICAL - 2026-03-23 10:32:57 --> CodeIgniter\Database\Exceptions\DatabaseException: Unknown column 'ticket_number' in 'where clause'
[Method: POST, Route: window/saveCustomer]
in SYSTEMPATH\Database\BaseConnection.php on line 684.
 1 SYSTEMPATH\Database\BaseBuilder.php(1649): CodeIgniter\Database\BaseConnection->query('SELECT *
FROM `customer_records`
WHERE `ticket_number` = :ticket_number:
 LIMIT 1', [...], false)
 2 SYSTEMPATH\Model.php(330): CodeIgniter\Database\BaseBuilder->get()
 3 SYSTEMPATH\BaseModel.php(715): CodeIgniter\Model->doFirst()
 4 APPPATH\Controllers\Window.php(289): CodeIgniter\BaseModel->first()
 5 SYSTEMPATH\CodeIgniter.php(933): App\Controllers\Window->saveCustomer()
 6 SYSTEMPATH\CodeIgniter.php(507): CodeIgniter\CodeIgniter->runController(Object(App\Controllers\Window))
 7 SYSTEMPATH\CodeIgniter.php(354): CodeIgniter\CodeIgniter->handleRequest(null, Object(Config\Cache), false)
 8 SYSTEMPATH\Boot.php(363): CodeIgniter\CodeIgniter->run()
 9 SYSTEMPATH\Boot.php(68): CodeIgniter\Boot::runCodeIgniter(Object(CodeIgniter\CodeIgniter))
10 FCPATH\index.php(59): CodeIgniter\Boot::bootWeb(Object(Config\Paths))
CRITICAL - 2026-03-23 10:32:57 --> [Caused by] CodeIgniter\Database\Exceptions\DatabaseException: Unknown column 'ticket_number' in 'where clause'
in SYSTEMPATH\Database\MySQLi\Connection.php on line 332.
 1 SYSTEMPATH\Database\BaseConnection.php(729): CodeIgniter\Database\MySQLi\Connection->execute('SELECT *
FROM `customer_records`
WHERE `ticket_number` = \'BREQS-001\'
 LIMIT 1')
 2 SYSTEMPATH\Database\BaseConnection.php(646): CodeIgniter\Database\BaseConnection->simpleQuery('SELECT *
FROM `customer_records`
WHERE `ticket_number` = \'BREQS-001\'
 LIMIT 1')
 3 SYSTEMPATH\Database\BaseBuilder.php(1649): CodeIgniter\Database\BaseConnection->query('SELECT *
FROM `customer_records`
WHERE `ticket_number` = :ticket_number:
 LIMIT 1', [...], false)
 4 SYSTEMPATH\Model.php(330): CodeIgniter\Database\BaseBuilder->get()
 5 SYSTEMPATH\BaseModel.php(715): CodeIgniter\Model->doFirst()
 6 APPPATH\Controllers\Window.php(289): CodeIgniter\BaseModel->first()
 7 SYSTEMPATH\CodeIgniter.php(933): App\Controllers\Window->saveCustomer()
 8 SYSTEMPATH\CodeIgniter.php(507): CodeIgniter\CodeIgniter->runController(Object(App\Controllers\Window))
 9 SYSTEMPATH\CodeIgniter.php(354): CodeIgniter\CodeIgniter->handleRequest(null, Object(Config\Cache), false)
10 SYSTEMPATH\Boot.php(363): CodeIgniter\CodeIgniter->run()
11 SYSTEMPATH\Boot.php(68): CodeIgniter\Boot::runCodeIgniter(Object(CodeIgniter\CodeIgniter))
12 FCPATH\index.php(59): CodeIgniter\Boot::bootWeb(Object(Config\Paths))
CRITICAL - 2026-03-23 10:32:57 --> [Caused by] mysqli_sql_exception: Unknown column 'ticket_number' in 'where clause'
in SYSTEMPATH\Database\MySQLi\Connection.php on line 327.
 1 SYSTEMPATH\Database\MySQLi\Connection.php(327): mysqli->query('SELECT *
FROM `customer_records`
WHERE `ticket_number` = \'BREQS-001\'
 LIMIT 1', 0)
 2 SYSTEMPATH\Database\BaseConnection.php(729): CodeIgniter\Database\MySQLi\Connection->execute('SELECT *
FROM `customer_records`
WHERE `ticket_number` = \'BREQS-001\'
 LIMIT 1')
 3 SYSTEMPATH\Database\BaseConnection.php(646): CodeIgniter\Database\BaseConnection->simpleQuery('SELECT *
FROM `customer_records`
WHERE `ticket_number` = \'BREQS-001\'
 LIMIT 1')
 4 SYSTEMPATH\Database\BaseBuilder.php(1649): CodeIgniter\Database\BaseConnection->query('SELECT *
FROM `customer_records`
WHERE `ticket_number` = :ticket_number:
 LIMIT 1', [...], false)
 5 SYSTEMPATH\Model.php(330): CodeIgniter\Database\BaseBuilder->get()
 6 SYSTEMPATH\BaseModel.php(715): CodeIgniter\Model->doFirst()
 7 APPPATH\Controllers\Window.php(289): CodeIgniter\BaseModel->first()
 8 SYSTEMPATH\CodeIgniter.php(933): App\Controllers\Window->saveCustomer()
 9 SYSTEMPATH\CodeIgniter.php(507): CodeIgniter\CodeIgniter->runController(Object(App\Controllers\Window))
10 SYSTEMPATH\CodeIgniter.php(354): CodeIgniter\CodeIgniter->handleRequest(null, Object(Config\Cache), false)
11 SYSTEMPATH\Boot.php(363): CodeIgniter\CodeIgniter->run()
12 SYSTEMPATH\Boot.php(68): CodeIgniter\Boot::runCodeIgniter(Object(CodeIgniter\CodeIgniter))
13 FCPATH\index.php(59): CodeIgniter\Boot::bootWeb(Object(Config\Paths))
ERROR - 2026-03-23 10:49:37 --> ✗ NO CUSTOMER RECORD found for window: 1
CRITICAL - 2026-03-23 10:49:52 --> CodeIgniter\Database\Exceptions\DataException: There is no data to update.
[Method: POST, Route: window/callNext/1]
in SYSTEMPATH\BaseModel.php on line 1823.
 1 SYSTEMPATH\BaseModel.php(1823): CodeIgniter\Database\Exceptions\DataException::forEmptyDataset('update')
 2 SYSTEMPATH\BaseModel.php(994): CodeIgniter\BaseModel->transformDataToArray(null, 'update')
 3 SYSTEMPATH\Model.php(860): CodeIgniter\BaseModel->update([...], null)
 4 APPPATH\Models\CustomerRecordsModel.php(180): CodeIgniter\Model->update([...])
 5 APPPATH\Controllers\Window.php(103): App\Models\CustomerRecordsModel->updateCustomerStatus('BREQS20260323-002', 'completed')
 6 SYSTEMPATH\CodeIgniter.php(933): App\Controllers\Window->callNext('1')
 7 SYSTEMPATH\CodeIgniter.php(507): CodeIgniter\CodeIgniter->runController(Object(App\Controllers\Window))
 8 SYSTEMPATH\CodeIgniter.php(354): CodeIgniter\CodeIgniter->handleRequest(null, Object(Config\Cache), false)
 9 SYSTEMPATH\Boot.php(363): CodeIgniter\CodeIgniter->run()
10 SYSTEMPATH\Boot.php(68): CodeIgniter\Boot::runCodeIgniter(Object(CodeIgniter\CodeIgniter))
11 FCPATH\index.php(59): CodeIgniter\Boot::bootWeb(Object(Config\Paths))
ERROR - 2026-03-23 10:49:57 --> Unexpected: Record already exists for window: 1
