CRITICAL - 2026-03-12 01:04:03 --> CodeIgniter\Exceptions\ModelException: You cannot use "getCompiledSelect()" in "App\Models\QueueModel". This is a method of the Query Builder Class.
[Method: GET, Route: admin]
in SYSTEMPATH\Model.php on line 943.
 1 SYSTEMPATH\Model.php(943): CodeIgniter\Exceptions\ModelException::forMethodNotAvailable('App\\Models\\QueueModel', 'getCompiledSelect()')
 2 SYSTEMPATH\Model.php(923): CodeIgniter\Model->checkBuilderMethod('getCompiledSelect')
 3 APPPATH\Models\QueueModel.php(169): CodeIgniter\Model->__call('getCompiledSelect', [])
 4 APPPATH\Controllers\Admin.php(30): App\Models\QueueModel->getQueueDataTable()
 5 SYSTEMPATH\CodeIgniter.php(933): App\Controllers\Admin->index()
 6 SYSTEMPATH\CodeIgniter.php(507): CodeIgniter\CodeIgniter->runController(Object(App\Controllers\Admin))
 7 SYSTEMPATH\CodeIgniter.php(354): CodeIgniter\CodeIgniter->handleRequest(null, Object(Config\Cache), false)
 8 SYSTEMPATH\Boot.php(363): CodeIgniter\CodeIgniter->run()
 9 SYSTEMPATH\Boot.php(68): CodeIgniter\Boot::runCodeIgniter(Object(CodeIgniter\CodeIgniter))
10 FCPATH\index.php(59): CodeIgniter\Boot::bootWeb(Object(Config\Paths))
CRITICAL - 2026-03-12 01:48:37 --> CodeIgniter\Exceptions\ModelException: You cannot use "getCompiledSelect()" in "App\Models\QueueModel". This is a method of the Query Builder Class.
[Method: GET, Route: admin]
in SYSTEMPATH\Model.php on line 943.
 1 SYSTEMPATH\Model.php(943): CodeIgniter\Exceptions\ModelException::forMethodNotAvailable('App\\Models\\QueueModel', 'getCompiledSelect()')
 2 SYSTEMPATH\Model.php(923): CodeIgniter\Model->checkBuilderMethod('getCompiledSelect')
 3 APPPATH\Models\QueueModel.php(171): CodeIgniter\Model->__call('getCompiledSelect', [])
 4 APPPATH\Controllers\Admin.php(30): App\Models\QueueModel->getQueueDataTable()
 5 SYSTEMPATH\CodeIgniter.php(933): App\Controllers\Admin->index()
 6 SYSTEMPATH\CodeIgniter.php(507): CodeIgniter\CodeIgniter->runController(Object(App\Controllers\Admin))
 7 SYSTEMPATH\CodeIgniter.php(354): CodeIgniter\CodeIgniter->handleRequest(null, Object(Config\Cache), false)
 8 SYSTEMPATH\Boot.php(363): CodeIgniter\CodeIgniter->run()
 9 SYSTEMPATH\Boot.php(68): CodeIgniter\Boot::runCodeIgniter(Object(CodeIgniter\CodeIgniter))
10 FCPATH\index.php(59): CodeIgniter\Boot::bootWeb(Object(Config\Paths))
CRITICAL - 2026-03-12 01:51:32 --> CodeIgniter\Exceptions\ModelException: You cannot use "getCompiledSelect()" in "App\Models\QueueModel". This is a method of the Query Builder Class.
[Method: GET, Route: admin]
in SYSTEMPATH\Model.php on line 943.
 1 SYSTEMPATH\Model.php(943): CodeIgniter\Exceptions\ModelException::forMethodNotAvailable('App\\Models\\QueueModel', 'getCompiledSelect()')
 2 SYSTEMPATH\Model.php(923): CodeIgniter\Model->checkBuilderMethod('getCompiledSelect')
 3 APPPATH\Models\QueueModel.php(172): CodeIgniter\Model->__call('getCompiledSelect', [])
 4 APPPATH\Controllers\Admin.php(30): App\Models\QueueModel->getQueueDataTable()
 5 SYSTEMPATH\CodeIgniter.php(933): App\Controllers\Admin->index()
 6 SYSTEMPATH\CodeIgniter.php(507): CodeIgniter\CodeIgniter->runController(Object(App\Controllers\Admin))
 7 SYSTEMPATH\CodeIgniter.php(354): CodeIgniter\CodeIgniter->handleRequest(null, Object(Config\Cache), false)
 8 SYSTEMPATH\Boot.php(363): CodeIgniter\CodeIgniter->run()
 9 SYSTEMPATH\Boot.php(68): CodeIgniter\Boot::runCodeIgniter(Object(CodeIgniter\CodeIgniter))
10 FCPATH\index.php(59): CodeIgniter\Boot::bootWeb(Object(Config\Paths))
CRITICAL - 2026-03-12 01:51:33 --> CodeIgniter\Exceptions\ModelException: You cannot use "getCompiledSelect()" in "App\Models\QueueModel". This is a method of the Query Builder Class.
[Method: GET, Route: admin]
in SYSTEMPATH\Model.php on line 943.
 1 SYSTEMPATH\Model.php(943): CodeIgniter\Exceptions\ModelException::forMethodNotAvailable('App\\Models\\QueueModel', 'getCompiledSelect()')
 2 SYSTEMPATH\Model.php(923): CodeIgniter\Model->checkBuilderMethod('getCompiledSelect')
 3 APPPATH\Models\QueueModel.php(172): CodeIgniter\Model->__call('getCompiledSelect', [])
 4 APPPATH\Controllers\Admin.php(30): App\Models\QueueModel->getQueueDataTable()
 5 SYSTEMPATH\CodeIgniter.php(933): App\Controllers\Admin->index()
 6 SYSTEMPATH\CodeIgniter.php(507): CodeIgniter\CodeIgniter->runController(Object(App\Controllers\Admin))
 7 SYSTEMPATH\CodeIgniter.php(354): CodeIgniter\CodeIgniter->handleRequest(null, Object(Config\Cache), false)
 8 SYSTEMPATH\Boot.php(363): CodeIgniter\CodeIgniter->run()
 9 SYSTEMPATH\Boot.php(68): CodeIgniter\Boot::runCodeIgniter(Object(CodeIgniter\CodeIgniter))
10 FCPATH\index.php(59): CodeIgniter\Boot::bootWeb(Object(Config\Paths))
CRITICAL - 2026-03-12 02:39:52 --> ParseError: syntax error, unexpected token "private", expecting end of file
[Method: GET, Route: admin]
in APPPATH\Controllers\Admin.php on line 369.
 1 SYSTEMPATH\Autoloader\Autoloader.php(295): CodeIgniter\Autoloader\Autoloader->includeFile('C:\\xampp\\htdocs\\queueing\\app\\Controllers\\Admin.php')
 2 SYSTEMPATH\Autoloader\Autoloader.php(271): CodeIgniter\Autoloader\Autoloader->loadInNamespace('App\\Controllers\\Admin')
 3 [internal function]: CodeIgniter\Autoloader\Autoloader->loadClass('App\\Controllers\\Admin')
 4 SYSTEMPATH\CodeIgniter.php(885): class_exists('\\App\\Controllers\\Admin', true)
 5 SYSTEMPATH\CodeIgniter.php(494): CodeIgniter\CodeIgniter->startController()
 6 SYSTEMPATH\CodeIgniter.php(354): CodeIgniter\CodeIgniter->handleRequest(null, Object(Config\Cache), false)
 7 SYSTEMPATH\Boot.php(363): CodeIgniter\CodeIgniter->run()
 8 SYSTEMPATH\Boot.php(68): CodeIgniter\Boot::runCodeIgniter(Object(CodeIgniter\CodeIgniter))
 9 FCPATH\index.php(59): CodeIgniter\Boot::bootWeb(Object(Config\Paths))
CRITICAL - 2026-03-12 02:42:11 --> ParseError: syntax error, unexpected token "public"
[Method: GET, Route: admin]
in APPPATH\Controllers\Admin.php on line 302.
 1 SYSTEMPATH\Autoloader\Autoloader.php(295): CodeIgniter\Autoloader\Autoloader->includeFile('C:\\xampp\\htdocs\\queueing\\app\\Controllers\\Admin.php')
 2 SYSTEMPATH\Autoloader\Autoloader.php(271): CodeIgniter\Autoloader\Autoloader->loadInNamespace('App\\Controllers\\Admin')
 3 [internal function]: CodeIgniter\Autoloader\Autoloader->loadClass('App\\Controllers\\Admin')
 4 SYSTEMPATH\CodeIgniter.php(885): class_exists('\\App\\Controllers\\Admin', true)
 5 SYSTEMPATH\CodeIgniter.php(494): CodeIgniter\CodeIgniter->startController()
 6 SYSTEMPATH\CodeIgniter.php(354): CodeIgniter\CodeIgniter->handleRequest(null, Object(Config\Cache), false)
 7 SYSTEMPATH\Boot.php(363): CodeIgniter\CodeIgniter->run()
 8 SYSTEMPATH\Boot.php(68): CodeIgniter\Boot::runCodeIgniter(Object(CodeIgniter\CodeIgniter))
 9 FCPATH\index.php(59): CodeIgniter\Boot::bootWeb(Object(Config\Paths))
CRITICAL - 2026-03-12 02:43:24 --> ParseError: syntax error, unexpected token "public"
[Method: GET, Route: admin]
in APPPATH\Controllers\Admin.php on line 301.
 1 SYSTEMPATH\Autoloader\Autoloader.php(295): CodeIgniter\Autoloader\Autoloader->includeFile('C:\\xampp\\htdocs\\queueing\\app\\Controllers\\Admin.php')
 2 SYSTEMPATH\Autoloader\Autoloader.php(271): CodeIgniter\Autoloader\Autoloader->loadInNamespace('App\\Controllers\\Admin')
 3 [internal function]: CodeIgniter\Autoloader\Autoloader->loadClass('App\\Controllers\\Admin')
 4 SYSTEMPATH\CodeIgniter.php(885): class_exists('\\App\\Controllers\\Admin', true)
 5 SYSTEMPATH\CodeIgniter.php(494): CodeIgniter\CodeIgniter->startController()
 6 SYSTEMPATH\CodeIgniter.php(354): CodeIgniter\CodeIgniter->handleRequest(null, Object(Config\Cache), false)
 7 SYSTEMPATH\Boot.php(363): CodeIgniter\CodeIgniter->run()
 8 SYSTEMPATH\Boot.php(68): CodeIgniter\Boot::runCodeIgniter(Object(CodeIgniter\CodeIgniter))
 9 FCPATH\index.php(59): CodeIgniter\Boot::bootWeb(Object(Config\Paths))
